"../../../Engine/Content/EngineMaterials/T_Default_Material_Grid_M.ubulk" 0
"../../../Engine/Content/EngineMaterials/T_Default_Material_Grid_M.uasset" 1
"../../../Engine/Content/EngineMaterials/T_Default_Material_Grid_M.uexp" 2
"../../../Engine/Content/EngineMaterials/T_Default_Material_Grid_N.ubulk" 3
"../../../Engine/Content/EngineMaterials/T_Default_Material_Grid_N.uasset" 4
"../../../Engine/Content/EngineMaterials/T_Default_Material_Grid_N.uexp" 5
"../../../Engine/Content/Functions/Engine_MaterialFunctions01/Opacity/CameraDepthFade.uasset" 6
"../../../Engine/Content/Functions/Engine_MaterialFunctions01/Opacity/CameraDepthFade.uexp" 7
"../../../Engine/Content/EngineMaterials/DefaultMaterial.uasset" 8
"../../../Engine/Content/EngineMaterials/DefaultMaterial.uexp" 9
"../../../Engine/Content/BasicShapes/Sphere.ubulk" 10
"../../../Engine/Content/BasicShapes/Sphere.uasset" 11
"../../../Engine/Content/BasicShapes/Sphere.uexp" 12
"../../../Engine/Content/EngineMaterials/WorldGridMaterial.uasset" 13
"../../../Engine/Content/EngineMaterials/WorldGridMaterial.uexp" 14
"../../../Engine/Content/BasicShapes/Plane.ubulk" 15
"../../../Engine/Content/BasicShapes/Plane.uasset" 16
"../../../Engine/Content/BasicShapes/Plane.uexp" 17
"../../../Engine/Content/BasicShapes/Cylinder.ubulk" 18
"../../../Engine/Content/BasicShapes/Cylinder.uasset" 19
"../../../Engine/Content/BasicShapes/Cylinder.uexp" 20
"../../../Engine/Content/BasicShapes/Cube.ubulk" 21
"../../../Engine/Content/BasicShapes/Cube.uasset" 22
"../../../Engine/Content/BasicShapes/Cube.uexp" 23
"../../../Engine/Content/BasicShapes/Cone.ubulk" 24
"../../../Engine/Content/BasicShapes/Cone.uasset" 25
"../../../Engine/Content/BasicShapes/Cone.uexp" 26
"../../../Engine/Content/ArtTools/RenderToTexture/Meshes/S_1_Unit_Plane.ubulk" 27
"../../../Engine/Content/ArtTools/RenderToTexture/Meshes/S_1_Unit_Plane.uasset" 28
"../../../Engine/Content/ArtTools/RenderToTexture/Meshes/S_1_Unit_Plane.uexp" 29
"../../../Engine/Content/EditorLandscapeResources/DefaultAlphaTexture.uasset" 30
"../../../Engine/Content/EditorLandscapeResources/DefaultAlphaTexture.uexp" 31
"../../../Engine/Content/EditorLandscapeResources/DataLayer.uasset" 32
"../../../Engine/Content/EditorLandscapeResources/DataLayer.uexp" 33
"../../../Engine/Content/EditorMaterials/PreviewShadowIndicator.ubulk" 34
"../../../Engine/Content/EditorMaterials/PreviewShadowIndicator.uasset" 35
"../../../Engine/Content/EditorMaterials/PreviewShadowIndicator.uexp" 36
"../../../Engine/Content/EditorMaterials/PreviewShadowIndicatorMaterial.uasset" 37
"../../../Engine/Content/EditorMaterials/PreviewShadowIndicatorMaterial.uexp" 38
"../../../Engine/Content/EditorMaterials/MAT_Groups_Visibility.uasset" 39
"../../../Engine/Content/EditorMaterials/MAT_Groups_Visibility.uexp" 40
"../../../Engine/Content/EditorMaterials/MAT_Groups_Toggle.uasset" 41
"../../../Engine/Content/EditorMaterials/MAT_Groups_Toggle.uexp" 42
"../../../Engine/Content/EditorMaterials/MatineeGroups/MAT_Groups_Vector.uasset" 43
"../../../Engine/Content/EditorMaterials/MatineeGroups/MAT_Groups_Vector.uexp" 44
"../../../Engine/Content/EditorMaterials/MatineeGroups/MAT_Groups_Sound.uasset" 45
"../../../Engine/Content/EditorMaterials/MatineeGroups/MAT_Groups_Sound.uexp" 46
"../../../Engine/Content/EditorMaterials/MatineeGroups/MAT_Groups_Slomo.uasset" 47
"../../../Engine/Content/EditorMaterials/MatineeGroups/MAT_Groups_Slomo.uexp" 48
"../../../Engine/Content/EditorMaterials/MatineeGroups/MAT_Groups_Move.uasset" 49
"../../../Engine/Content/EditorMaterials/MatineeGroups/MAT_Groups_Move.uexp" 50
"../../../Engine/Content/EditorMaterials/MatineeGroups/MAT_Groups_Float.uasset" 51
"../../../Engine/Content/EditorMaterials/MatineeGroups/MAT_Groups_Float.uexp" 52
"../../../Engine/Content/EditorMaterials/MatineeGroups/MAT_Groups_Fade.uasset" 53
"../../../Engine/Content/EditorMaterials/MatineeGroups/MAT_Groups_Fade.uexp" 54
"../../../Engine/Content/EditorMaterials/MatineeGroups/MAT_Groups_Event.uasset" 55
"../../../Engine/Content/EditorMaterials/MatineeGroups/MAT_Groups_Event.uexp" 56
"../../../Engine/Content/EditorMaterials/MatineeGroups/MAT_Groups_Director.uasset" 57
"../../../Engine/Content/EditorMaterials/MatineeGroups/MAT_Groups_Director.uexp" 58
"../../../Engine/Content/EditorMaterials/MatineeGroups/MAT_Groups_AudioMaster.uasset" 59
"../../../Engine/Content/EditorMaterials/MatineeGroups/MAT_Groups_AudioMaster.uexp" 60
"../../../Engine/Content/EditorMaterials/MatineeGroups/MAT_Groups_Anim.uasset" 61
"../../../Engine/Content/EditorMaterials/MatineeGroups/MAT_Groups_Anim.uexp" 62
"../../../Engine/Content/EditorMaterials/MatineeGroups/MAT_ColorTrack.uasset" 63
"../../../Engine/Content/EditorMaterials/MatineeGroups/MAT_ColorTrack.uexp" 64
"../../../Engine/Content/EditorMaterials/ParticleSystems/PSysThumbnail_OOD.ubulk" 65
"../../../Engine/Content/EditorMaterials/ParticleSystems/PSysThumbnail_OOD.uasset" 66
"../../../Engine/Content/EditorMaterials/ParticleSystems/PSysThumbnail_OOD.uexp" 67
"../../../Engine/Content/EditorMaterials/ParticleSystems/PSysThumbnail_NoImage.ubulk" 68
"../../../Engine/Content/EditorMaterials/ParticleSystems/PSysThumbnail_NoImage.uasset" 69
"../../../Engine/Content/EditorMaterials/ParticleSystems/PSysThumbnail_NoImage.uexp" 70
"../../../Engine/Content/Functions/Engine_MaterialFunctions02/Utility/MakeFloat4.uasset" 71
"../../../Engine/Content/Functions/Engine_MaterialFunctions02/Utility/MakeFloat4.uexp" 72
"../../../Engine/Content/Functions/Engine_MaterialFunctions02/Utility/MakeFloat3.uasset" 73
"../../../Engine/Content/Functions/Engine_MaterialFunctions02/Utility/MakeFloat3.uexp" 74
"../../../Engine/Content/Functions/Engine_MaterialFunctions02/Utility/BreakOutFloat3Components.uasset" 75
"../../../Engine/Content/Functions/Engine_MaterialFunctions02/Utility/BreakOutFloat3Components.uexp" 76
"../../../Engine/Content/EditorMaterials/WorldPartition/WorldPartitionSpatialHashGridPreviewMaterial.uasset" 77
"../../../Engine/Content/EditorMaterials/WorldPartition/WorldPartitionSpatialHashGridPreviewMaterial.uexp" 78
"../../../Engine/Content/EditorMaterials/Camera/CineMat.uasset" 79
"../../../Engine/Content/EditorMaterials/Camera/CineMat.uexp" 80
"../../../Engine/Content/EditorMaterials/Camera/MI_CineMat_Rig.uasset" 81
"../../../Engine/Content/EditorMaterials/Camera/MI_CineMat_Rig.uexp" 82
"../../../Engine/Content/EditorMeshes/Camera/SM_RailRig_Track.ubulk" 83
"../../../Engine/Content/EditorMeshes/Camera/SM_RailRig_Track.uasset" 84
"../../../Engine/Content/EditorMeshes/Camera/SM_RailRig_Track.uexp" 85
"../../../Engine/Content/EditorMeshes/Camera/SM_RailRig_Mount.ubulk" 86
"../../../Engine/Content/EditorMeshes/Camera/SM_RailRig_Mount.uasset" 87
"../../../Engine/Content/EditorMeshes/Camera/SM_RailRig_Mount.uexp" 88
"../../../Engine/Content/EditorMeshes/Camera/SM_CraneRig_Mount.ubulk" 89
"../../../Engine/Content/EditorMeshes/Camera/SM_CraneRig_Mount.uasset" 90
"../../../Engine/Content/EditorMeshes/Camera/SM_CraneRig_Mount.uexp" 91
"../../../Engine/Content/EditorMeshes/Camera/SM_CraneRig_Body.ubulk" 92
"../../../Engine/Content/EditorMeshes/Camera/SM_CraneRig_Body.uasset" 93
"../../../Engine/Content/EditorMeshes/Camera/SM_CraneRig_Body.uexp" 94
"../../../Engine/Content/EditorMeshes/Camera/SM_CraneRig_Base.ubulk" 95
"../../../Engine/Content/EditorMeshes/Camera/SM_CraneRig_Base.uasset" 96
"../../../Engine/Content/EditorMeshes/Camera/SM_CraneRig_Base.uexp" 97
"../../../Engine/Content/EditorMeshes/Camera/SM_CraneRig_Arm.ubulk" 98
"../../../Engine/Content/EditorMeshes/Camera/SM_CraneRig_Arm.uasset" 99
"../../../Engine/Content/EditorMeshes/Camera/SM_CraneRig_Arm.uexp" 100
"../../../Engine/Content/EditorResources/S_TriggerSphere.uasset" 101
"../../../Engine/Content/EditorResources/S_TriggerSphere.uexp" 102
"../../../Engine/Content/EditorResources/S_TriggerCapsule.uasset" 103
"../../../Engine/Content/EditorResources/S_TriggerCapsule.uexp" 104
"../../../Engine/Content/EditorResources/S_TriggerBox.uasset" 105
"../../../Engine/Content/EditorResources/S_TriggerBox.uexp" 106
"../../../Engine/Content/EditorResources/S_Trigger.ubulk" 107
"../../../Engine/Content/EditorResources/S_Trigger.uasset" 108
"../../../Engine/Content/EditorResources/S_Trigger.uexp" 109
"../../../Engine/Content/EditorResources/S_Terrain.ubulk" 110
"../../../Engine/Content/EditorResources/S_Terrain.uasset" 111
"../../../Engine/Content/EditorResources/S_Terrain.uexp" 112
"../../../Engine/Content/EditorResources/S_Solver.ubulk" 113
"../../../Engine/Content/EditorResources/S_Solver.uasset" 114
"../../../Engine/Content/EditorResources/S_Solver.uexp" 115
"../../../Engine/Content/EditorResources/S_BoxReflectionCapture.uasset" 116
"../../../Engine/Content/EditorResources/S_BoxReflectionCapture.uexp" 117
"../../../Engine/Content/EditorResources/S_Actor.ubulk" 118
"../../../Engine/Content/EditorResources/S_Actor.uasset" 119
"../../../Engine/Content/EditorResources/S_Actor.uexp" 120
"../../../Engine/Content/EditorResources/EmptyActor.uasset" 121
"../../../Engine/Content/EditorResources/EmptyActor.uexp" 122
"../../../Engine/Content/EditorResources/BSPVertex.uasset" 123
"../../../Engine/Content/EditorResources/BSPVertex.uexp" 124
"../../../Engine/Content/EditorResources/SequenceRecorder/RecordingIndicator.uasset" 125
"../../../Engine/Content/EditorResources/SequenceRecorder/RecordingIndicator.uexp" 126
"../../../Engine/Content/EditorResources/SequenceRecorder/Countdown.uasset" 127
"../../../Engine/Content/EditorResources/SequenceRecorder/Countdown.uexp" 128
"../../../Engine/Content/EngineDamageTypes/DmgTypeBP_Environmental.uasset" 129
"../../../Engine/Content/EngineDamageTypes/DmgTypeBP_Environmental.uexp" 130
"../../../Engine/Content/Functions/Engine_MaterialFunctions02/Utility/CameraDirectionVector.uasset" 131
"../../../Engine/Content/Functions/Engine_MaterialFunctions02/Utility/CameraDirectionVector.uexp" 132
"../../../Engine/Content/EngineDebugMaterials/VolumeToRender.uasset" 133
"../../../Engine/Content/EngineDebugMaterials/VolumeToRender.uexp" 134
"../../../Engine/Content/EngineDebugMaterials/M_VolumeRenderSphereTracePP.uasset" 135
"../../../Engine/Content/EngineDebugMaterials/M_VolumeRenderSphereTracePP.uexp" 136
"../../../Engine/Content/EngineDebugMaterials/M_SimpleUnlitTranslucent.uasset" 137
"../../../Engine/Content/EngineDebugMaterials/M_SimpleUnlitTranslucent.uexp" 138
"../../../Engine/Content/EngineDebugMaterials/DebugMeshMaterial.uasset" 139
"../../../Engine/Content/EngineDebugMaterials/DebugMeshMaterial.uexp" 140
"../../../Engine/Content/EngineDebugMaterials/DebugEditorMaterial.uasset" 141
"../../../Engine/Content/EngineDebugMaterials/DebugEditorMaterial.uexp" 142
"../../../Engine/Content/EngineFonts/Faces/RobotoLight.uexp" 143
"../../../Engine/Content/EngineFonts/Faces/RobotoLight.uasset" 144
"../../../Engine/Content/EngineFonts/Faces/RobotoLight.ufont" 145
"../../../Engine/Content/EngineFonts/Faces/RobotoBold.uexp" 146
"../../../Engine/Content/EngineFonts/Faces/RobotoBold.uasset" 147
"../../../Engine/Content/EngineFonts/Faces/RobotoBold.ufont" 148
"../../../Engine/Content/EngineFonts/Faces/RobotoRegular.uexp" 149
"../../../Engine/Content/EngineFonts/Faces/RobotoRegular.uasset" 150
"../../../Engine/Content/EngineFonts/Faces/RobotoRegular.ufont" 151
"../../../Engine/Content/EngineFonts/Faces/DroidSansFallback.uexp" 152
"../../../Engine/Content/EngineFonts/Faces/DroidSansFallback.uasset" 153
"../../../Engine/Content/EngineFonts/Faces/DroidSansFallback.ufont" 154
"../../../Engine/Content/EngineFonts/Faces/RobotoItalic.uexp" 155
"../../../Engine/Content/EngineFonts/Faces/RobotoItalic.uasset" 156
"../../../Engine/Content/EngineFonts/Faces/RobotoItalic.ufont" 157
"../../../Engine/Content/EngineFonts/Faces/RobotoBoldItalic.uexp" 158
"../../../Engine/Content/EngineFonts/Faces/RobotoBoldItalic.uasset" 159
"../../../Engine/Content/EngineFonts/Faces/RobotoBoldItalic.ufont" 160
"../../../Engine/Content/EngineFonts/Roboto.uasset" 161
"../../../Engine/Content/EngineFonts/Roboto.uexp" 162
"../../../Engine/Content/EngineResources/WhiteSquareTexture.uasset" 163
"../../../Engine/Content/EngineResources/WhiteSquareTexture.uexp" 164
"../../../Engine/Content/EngineMaterials/Widget3DPassThrough.uasset" 165
"../../../Engine/Content/EngineMaterials/Widget3DPassThrough.uexp" 166
"../../../Engine/Content/EngineMaterials/Widget3DPassThrough_Translucent.uasset" 167
"../../../Engine/Content/EngineMaterials/Widget3DPassThrough_Translucent.uexp" 168
"../../../Engine/Content/EngineMaterials/Widget3DPassThrough_Translucent_OneSided.uasset" 169
"../../../Engine/Content/EngineMaterials/Widget3DPassThrough_Translucent_OneSided.uexp" 170
"../../../Engine/Content/EngineMaterials/Widget3DPassThrough_Opaque.uasset" 171
"../../../Engine/Content/EngineMaterials/Widget3DPassThrough_Opaque.uexp" 172
"../../../Engine/Content/EngineMaterials/Widget3DPassThrough_Opaque_OneSided.uasset" 173
"../../../Engine/Content/EngineMaterials/Widget3DPassThrough_Opaque_OneSided.uexp" 174
"../../../Engine/Content/EngineMaterials/Widget3DPassThrough_Masked_OneSided.uasset" 175
"../../../Engine/Content/EngineMaterials/Widget3DPassThrough_Masked_OneSided.uexp" 176
"../../../Engine/Content/EngineMaterials/Widget3DPassThrough_Masked.uasset" 177
"../../../Engine/Content/EngineMaterials/Widget3DPassThrough_Masked.uexp" 178
"../../../Engine/Content/EngineMaterials/WeightMapPlaceholderTexture.uasset" 179
"../../../Engine/Content/EngineMaterials/WeightMapPlaceholderTexture.uexp" 180
"../../../Engine/Content/EngineMaterials/RemoveSurfaceMaterial.uasset" 181
"../../../Engine/Content/EngineMaterials/RemoveSurfaceMaterial.uexp" 182
"../../../Engine/Content/EngineMaterials/PreintegratedSkinBRDF.uasset" 183
"../../../Engine/Content/EngineMaterials/PreintegratedSkinBRDF.uexp" 184
"../../../Engine/Content/EngineMaterials/DefaultCalibrationGrayscale.uasset" 185
"../../../Engine/Content/EngineMaterials/DefaultCalibrationGrayscale.uexp" 186
"../../../Engine/Content/EngineMaterials/PPM_DefaultCalibrationGrayscale.uasset" 187
"../../../Engine/Content/EngineMaterials/PPM_DefaultCalibrationGrayscale.uexp" 188
"../../../Engine/Content/EngineMaterials/DefaultCalibrationColor.uasset" 189
"../../../Engine/Content/EngineMaterials/DefaultCalibrationColor.uexp" 190
"../../../Engine/Content/EngineMaterials/PPM_DefaultCalibrationColor.uasset" 191
"../../../Engine/Content/EngineMaterials/PPM_DefaultCalibrationColor.uexp" 192
"../../../Engine/Content/Functions/Engine_MaterialFunctions02/WorldPositionOffset/CameraOffset.uasset" 193
"../../../Engine/Content/Functions/Engine_MaterialFunctions02/WorldPositionOffset/CameraOffset.uexp" 194
"../../../Engine/Content/EngineMaterials/PhAT_JointLimitMaterial.uasset" 195
"../../../Engine/Content/EngineMaterials/PhAT_JointLimitMaterial.uexp" 196
"../../../Engine/Content/EngineMaterials/InvalidLightmapSettings.ubulk" 197
"../../../Engine/Content/EngineMaterials/InvalidLightmapSettings.uasset" 198
"../../../Engine/Content/EngineMaterials/InvalidLightmapSettings.uexp" 199
"../../../Engine/Content/EngineMaterials/M_InvalidLightmapSettings.uasset" 200
"../../../Engine/Content/EngineMaterials/M_InvalidLightmapSettings.uexp" 201
"../../../Engine/Content/EngineMaterials/MiniFont.uasset" 202
"../../../Engine/Content/EngineMaterials/MiniFont.uexp" 203
"../../../Engine/Content/EngineMeshes/Sphere.ubulk" 204
"../../../Engine/Content/EngineMeshes/Sphere.uasset" 205
"../../../Engine/Content/EngineMeshes/Sphere.uexp" 206
"../../../Engine/Content/EngineMaterials/Good64x64TilingNoiseHighFreq.uasset" 207
"../../../Engine/Content/EngineMaterials/Good64x64TilingNoiseHighFreq.uexp" 208
"../../../Engine/Content/EngineMaterials/GizmoMaterial.uasset" 209
"../../../Engine/Content/EngineMaterials/GizmoMaterial.uexp" 210
"../../../Engine/Content/EngineMaterials/BaseFlattenEmissiveMap_VT.uasset" 211
"../../../Engine/Content/EngineMaterials/BaseFlattenEmissiveMap_VT.uexp" 212
"../../../Engine/Content/EngineMaterials/BaseFlattenGrayscaleMap_VT.uasset" 213
"../../../Engine/Content/EngineMaterials/BaseFlattenGrayscaleMap_VT.uexp" 214
"../../../Engine/Content/EngineMaterials/BaseFlattenLinearColor_VT.uasset" 215
"../../../Engine/Content/EngineMaterials/BaseFlattenLinearColor_VT.uexp" 216
"../../../Engine/Content/EngineMaterials/Black_1x1_EXR_Texture_VT.uasset" 217
"../../../Engine/Content/EngineMaterials/Black_1x1_EXR_Texture_VT.uexp" 218
"../../../Engine/Content/EngineMaterials/BaseFlattenDiffuseMap_VT.uasset" 219
"../../../Engine/Content/EngineMaterials/BaseFlattenDiffuseMap_VT.uexp" 220
"../../../Engine/Content/EngineMaterials/BaseFlattenNormalMap_VT.uasset" 221
"../../../Engine/Content/EngineMaterials/BaseFlattenNormalMap_VT.uexp" 222
"../../../Engine/Content/EngineMaterials/FlattenMaterial_WS_Normal_VT.uasset" 223
"../../../Engine/Content/EngineMaterials/FlattenMaterial_WS_Normal_VT.uexp" 224
"../../../Engine/Content/EngineMaterials/FlattenMaterial_VT.uasset" 225
"../../../Engine/Content/EngineMaterials/FlattenMaterial_VT.uexp" 226
"../../../Engine/Content/EngineMaterials/BaseFlattenNormalMap.uasset" 227
"../../../Engine/Content/EngineMaterials/BaseFlattenNormalMap.uexp" 228
"../../../Engine/Content/EngineMaterials/BaseFlattenGrayscaleMap.uasset" 229
"../../../Engine/Content/EngineMaterials/BaseFlattenGrayscaleMap.uexp" 230
"../../../Engine/Content/EngineMaterials/BaseFlattenDiffuseMap.uasset" 231
"../../../Engine/Content/EngineMaterials/BaseFlattenDiffuseMap.uexp" 232
"../../../Engine/Content/Functions/Engine_MaterialFunctions02/PivotPainter2/Black_1x1_EXR_Texture.uasset" 233
"../../../Engine/Content/Functions/Engine_MaterialFunctions02/PivotPainter2/Black_1x1_EXR_Texture.uexp" 234
"../../../Engine/Content/EngineMaterials/BaseFlattenEmissiveMap.uasset" 235
"../../../Engine/Content/EngineMaterials/BaseFlattenEmissiveMap.uexp" 236
"../../../Engine/Content/EngineMaterials/BaseFlattenLinearColor.uasset" 237
"../../../Engine/Content/EngineMaterials/BaseFlattenLinearColor.uexp" 238
"../../../Engine/Content/EngineMaterials/FlattenMaterial.uasset" 239
"../../../Engine/Content/EngineMaterials/FlattenMaterial.uexp" 240
"../../../Engine/Content/EngineMaterials/DefaultWhiteGrid_Low.uasset" 241
"../../../Engine/Content/EngineMaterials/DefaultWhiteGrid_Low.uexp" 242
"../../../Engine/Content/EngineMaterials/EmissiveMeshMaterial.uasset" 243
"../../../Engine/Content/EngineMaterials/EmissiveMeshMaterial.uexp" 244
"../../../Engine/Content/EngineMaterials/DefaultWhiteGrid.ubulk" 245
"../../../Engine/Content/EngineMaterials/DefaultWhiteGrid.uasset" 246
"../../../Engine/Content/EngineMaterials/DefaultWhiteGrid.uexp" 247
"../../../Engine/Content/EngineFonts/RobotoDistanceField.uasset" 248
"../../../Engine/Content/EngineFonts/RobotoDistanceField.uexp" 249
"../../../Engine/Content/EngineMaterials/DefaultTextMaterialOpaque.uasset" 250
"../../../Engine/Content/EngineMaterials/DefaultTextMaterialOpaque.uexp" 251
"../../../Engine/Content/EngineMaterials/DefaultDiffuse.ubulk" 252
"../../../Engine/Content/EngineMaterials/DefaultDiffuse.uasset" 253
"../../../Engine/Content/EngineMaterials/DefaultDiffuse.uexp" 254
"../../../Engine/Content/Functions/Engine_MaterialFunctions02/Utility/BreakOutFloat2Components.uasset" 255
"../../../Engine/Content/Functions/Engine_MaterialFunctions02/Utility/BreakOutFloat2Components.uexp" 256
"../../../Engine/Content/EngineMaterials/DefaultPostProcessMaterial.uasset" 257
"../../../Engine/Content/EngineMaterials/DefaultPostProcessMaterial.uexp" 258
"../../../Engine/Content/EngineMaterials/DefaultLightFunctionMaterial.uasset" 259
"../../../Engine/Content/EngineMaterials/DefaultLightFunctionMaterial.uexp" 260
"../../../Engine/Content/EngineMaterials/DefaultDestructiblePhysicalMaterial.uasset" 261
"../../../Engine/Content/EngineMaterials/DefaultDestructiblePhysicalMaterial.uexp" 262
"../../../Engine/Content/EngineMaterials/DefaultDeferredDecalMaterial.uasset" 263
"../../../Engine/Content/EngineMaterials/DefaultDeferredDecalMaterial.uexp" 264
"../../../Engine/Content/EngineMaterials/DefaultBokeh.uasset" 265
"../../../Engine/Content/EngineMaterials/DefaultBokeh.uexp" 266
"../../../Engine/Content/EngineMaterials/DefaultBloomKernel.uasset" 267
"../../../Engine/Content/EngineMaterials/DefaultBloomKernel.uexp" 268
"../../../Engine/Content/EngineMaterials/BlueNoise.uasset" 269
"../../../Engine/Content/EngineMaterials/BlueNoise.uexp" 270
"../../../Engine/Content/EngineResources/GradientTexture0.uasset" 271
"../../../Engine/Content/EngineResources/GradientTexture0.uexp" 272
"../../../Engine/Content/EngineResources/DefaultVolumeTexture2D.uasset" 273
"../../../Engine/Content/EngineResources/DefaultVolumeTexture2D.uexp" 274
"../../../Engine/Content/EngineResources/DefaultVolumeTexture.uasset" 275
"../../../Engine/Content/EngineResources/DefaultVolumeTexture.uexp" 276
"../../../Engine/Content/EngineResources/DefaultTextureCube.uasset" 277
"../../../Engine/Content/EngineResources/DefaultTextureCube.uexp" 278
"../../../Engine/Content/EngineResources/DefaultTexture.ubulk" 279
"../../../Engine/Content/EngineResources/DefaultTexture.uasset" 280
"../../../Engine/Content/EngineResources/DefaultTexture.uexp" 281
"../../../Engine/Content/EngineResources/Black.uasset" 282
"../../../Engine/Content/EngineResources/Black.uexp" 283
"../../../Engine/Content/EngineResources/FilmGrains/Marcie_Grain_v3_128_M2_000.uasset" 284
"../../../Engine/Content/EngineResources/FilmGrains/Marcie_Grain_v3_128_M2_000.uexp" 285
"../../../Engine/Content/EngineSky/VolumetricClouds/CloudWeatherTexture.uasset" 286
"../../../Engine/Content/EngineSky/VolumetricClouds/CloudWeatherTexture.uexp" 287
"../../../Engine/Content/Functions/Engine_MaterialFunctions02/Utility/MakeFloat2.uasset" 288
"../../../Engine/Content/Functions/Engine_MaterialFunctions02/Utility/MakeFloat2.uexp" 289
"../../../Engine/Content/EngineSky/VolumetricClouds/CloudGradientTexture.uasset" 290
"../../../Engine/Content/EngineSky/VolumetricClouds/CloudGradientTexture.uexp" 291
"../../../Engine/Content/EngineSky/VolumetricClouds/T_NoiseShape64.ubulk" 292
"../../../Engine/Content/EngineSky/VolumetricClouds/T_NoiseShape64.uasset" 293
"../../../Engine/Content/EngineSky/VolumetricClouds/T_NoiseShape64.uexp" 294
"../../../Engine/Content/EngineSky/VolumetricClouds/T_VolumeNoiseShape64.uasset" 295
"../../../Engine/Content/EngineSky/VolumetricClouds/T_VolumeNoiseShape64.uexp" 296
"../../../Engine/Content/EngineSky/VolumetricClouds/T_NoiseErosion.ubulk" 297
"../../../Engine/Content/EngineSky/VolumetricClouds/T_NoiseErosion.uasset" 298
"../../../Engine/Content/EngineSky/VolumetricClouds/T_NoiseErosion.uexp" 299
"../../../Engine/Content/EngineSky/VolumetricClouds/T_VolumeNoiseErosion32.uasset" 300
"../../../Engine/Content/EngineSky/VolumetricClouds/T_VolumeNoiseErosion32.uexp" 301
"../../../Engine/Content/EngineSky/VolumetricClouds/m_SimpleVolumetricCloud.uasset" 302
"../../../Engine/Content/EngineSky/VolumetricClouds/m_SimpleVolumetricCloud.uexp" 303
"../../../Engine/Content/EngineSky/VolumetricClouds/m_SimpleVolumetricCloud_Inst.uasset" 304
"../../../Engine/Content/EngineSky/VolumetricClouds/m_SimpleVolumetricCloud_Inst.uexp" 305
"../../../Engine/Content/EngineSounds/Master.uasset" 306
"../../../Engine/Content/EngineSounds/Master.uexp" 307
"../../../Engine/Content/Functions/Engine_MaterialFunctions01/Shading/PowerToRoughness.uasset" 308
"../../../Engine/Content/Functions/Engine_MaterialFunctions01/Shading/PowerToRoughness.uexp" 309
"../../../Engine/Content/Functions/Engine_MaterialFunctions01/Shading/ConvertFromDiffSpec.uasset" 310
"../../../Engine/Content/Functions/Engine_MaterialFunctions01/Shading/ConvertFromDiffSpec.uexp" 311
"../../../Engine/Content/MobileResources/HUD/VirtualJoystick_Background.uasset" 312
"../../../Engine/Content/MobileResources/HUD/VirtualJoystick_Background.uexp" 313
"../../../Engine/Content/MobileResources/HUD/VirtualJoystick_Thumb.uasset" 314
"../../../Engine/Content/MobileResources/HUD/VirtualJoystick_Thumb.uexp" 315
"../../../Engine/Content/MobileResources/HUD/DefaultVirtualJoysticks.uasset" 316
"../../../Engine/Content/MobileResources/HUD/DefaultVirtualJoysticks.uexp" 317
"../../../Engine/Content/Tutorial/ContentIntroCurve.uasset" 318
"../../../Engine/Content/Tutorial/ContentIntroCurve.uexp" 319
"../../../Engine/Content/VREditor/TransformGizmo/Main.uasset" 320
"../../../Engine/Content/VREditor/TransformGizmo/Main.uexp" 321
"../../../Engine/Content/VREditor/TransformGizmo/Xray.uasset" 322
"../../../Engine/Content/VREditor/TransformGizmo/Xray.uexp" 323
"../../../Engine/Content/VREditor/TransformGizmo/SM_Sequencer_Node.ubulk" 324
"../../../Engine/Content/VREditor/TransformGizmo/SM_Sequencer_Node.uasset" 325
"../../../Engine/Content/VREditor/TransformGizmo/SM_Sequencer_Node.uexp" 326
"../../../Engine/Content/VREditor/LaserPointer/VR_LaserPower_01.ubulk" 327
"../../../Engine/Content/VREditor/LaserPointer/VR_LaserPower_01.uasset" 328
"../../../Engine/Content/VREditor/LaserPointer/VR_LaserPower_01.uexp" 329
"../../../Engine/Content/VREditor/TransformGizmo/TransformGizmoMaterial.uasset" 330
"../../../Engine/Content/VREditor/TransformGizmo/TransformGizmoMaterial.uexp" 331
"../../../Engine/Content/VREditor/TransformGizmo/TranslucentTransformGizmoMaterial.uasset" 332
"../../../Engine/Content/VREditor/TransformGizmo/TranslucentTransformGizmoMaterial.uexp" 333
"../../../Engine/Content/VREditor/TransformGizmo/PlaneTranslationHandle.ubulk" 334
"../../../Engine/Content/VREditor/TransformGizmo/PlaneTranslationHandle.uasset" 335
"../../../Engine/Content/VREditor/TransformGizmo/PlaneTranslationHandle.uexp" 336
"../../../Engine/Content/VREditor/TransformGizmo/BoundingBoxEdge.ubulk" 337
"../../../Engine/Content/VREditor/TransformGizmo/BoundingBoxEdge.uasset" 338
"../../../Engine/Content/VREditor/TransformGizmo/BoundingBoxEdge.uexp" 339
"../../../Engine/Content/VREditor/TransformGizmo/BoundingBoxCorner.ubulk" 340
"../../../Engine/Content/VREditor/TransformGizmo/BoundingBoxCorner.uasset" 341
"../../../Engine/Content/VREditor/TransformGizmo/BoundingBoxCorner.uexp" 342
"../../../Engine/Plugins/2D/Paper2D/Content/PlaceholderTextures/DummySpriteTexture.ubulk" 343
"../../../Engine/Plugins/2D/Paper2D/Content/PlaceholderTextures/DummySpriteTexture.uasset" 344
"../../../Engine/Plugins/2D/Paper2D/Content/PlaceholderTextures/DummySpriteTexture.uexp" 345
"../../../Engine/Plugins/2D/Paper2D/Content/DefaultSpriteMaterial.uasset" 346
"../../../Engine/Plugins/2D/Paper2D/Content/DefaultSpriteMaterial.uexp" 347
"../../../Engine/Plugins/2D/Paper2D/Content/OpaqueUnlitSpriteMaterial.uasset" 348
"../../../Engine/Plugins/2D/Paper2D/Content/OpaqueUnlitSpriteMaterial.uexp" 349
"../../../Engine/Plugins/2D/Paper2D/Content/MaskedUnlitSpriteMaterial.uasset" 350
"../../../Engine/Plugins/2D/Paper2D/Content/MaskedUnlitSpriteMaterial.uexp" 351
"../../../Engine/Plugins/2D/Paper2D/Content/DummySprite.uasset" 352
"../../../Engine/Plugins/2D/Paper2D/Content/DummySprite.uexp" 353
"../../../Engine/Plugins/2D/Paper2D/Content/DefaultPaperTerrainMaterial.uasset" 354
"../../../Engine/Plugins/2D/Paper2D/Content/DefaultPaperTerrainMaterial.uexp" 355
"../../../Engine/Plugins/Animation/ControlRig/Content/M_Manip.uasset" 356
"../../../Engine/Plugins/Animation/ControlRig/Content/M_Manip.uexp" 357
"../../../Engine/Plugins/Animation/ControlRig/Content/Controls/DefaultGizmoLibraryNormalized.uasset" 358
"../../../Engine/Plugins/Animation/ControlRig/Content/Controls/DefaultGizmoLibraryNormalized.uexp" 359
"../../../Engine/Plugins/Animation/ControlRig/Content/Controls/ControlRig_Wedge_solid.ubulk" 360
"../../../Engine/Plugins/Animation/ControlRig/Content/Controls/ControlRig_Wedge_solid.uasset" 361
"../../../Engine/Plugins/Animation/ControlRig/Content/Controls/ControlRig_Wedge_solid.uexp" 362
"../../../Engine/Plugins/Animation/ControlRig/Content/Controls/ControlRig_Wedge_3mm.ubulk" 363
"../../../Engine/Plugins/Animation/ControlRig/Content/Controls/ControlRig_Wedge_3mm.uasset" 364
"../../../Engine/Plugins/Animation/ControlRig/Content/Controls/ControlRig_Wedge_3mm.uexp" 365
"../../../Engine/Plugins/Animation/ControlRig/Content/Controls/ControlRig_Wedge_1mm.ubulk" 366
"../../../Engine/Plugins/Animation/ControlRig/Content/Controls/ControlRig_Wedge_1mm.uasset" 367
"../../../Engine/Plugins/Animation/ControlRig/Content/Controls/ControlRig_Wedge_1mm.uexp" 368
"../../../Engine/Plugins/Animation/ControlRig/Content/Controls/ControlRig_Triangle_solid.ubulk" 369
"../../../Engine/Plugins/Animation/ControlRig/Content/Controls/ControlRig_Triangle_solid.uasset" 370
"../../../Engine/Plugins/Animation/ControlRig/Content/Controls/ControlRig_Triangle_solid.uexp" 371
"../../../Engine/Plugins/Animation/ControlRig/Content/Controls/ControlRig_Triangle_3mm.ubulk" 372
"../../../Engine/Plugins/Animation/ControlRig/Content/Controls/ControlRig_Triangle_3mm.uasset" 373
"../../../Engine/Plugins/Animation/ControlRig/Content/Controls/ControlRig_Triangle_3mm.uexp" 374
"../../../Engine/Plugins/Animation/ControlRig/Content/Controls/ControlRig_Triangle_1mm.ubulk" 375
"../../../Engine/Plugins/Animation/ControlRig/Content/Controls/ControlRig_Triangle_1mm.uasset" 376
"../../../Engine/Plugins/Animation/ControlRig/Content/Controls/ControlRig_Triangle_1mm.uexp" 377
"../../../Engine/Plugins/Animation/ControlRig/Content/Controls/ControlRig_Star4_solid.ubulk" 378
"../../../Engine/Plugins/Animation/ControlRig/Content/Controls/ControlRig_Star4_solid.uasset" 379
"../../../Engine/Plugins/Animation/ControlRig/Content/Controls/ControlRig_Star4_solid.uexp" 380
"../../../Engine/Plugins/Animation/ControlRig/Content/Controls/ControlRig_Star4_3mm.ubulk" 381
"../../../Engine/Plugins/Animation/ControlRig/Content/Controls/ControlRig_Star4_3mm.uasset" 382
"../../../Engine/Plugins/Animation/ControlRig/Content/Controls/ControlRig_Star4_3mm.uexp" 383
"../../../Engine/Plugins/Animation/ControlRig/Content/Controls/ControlRig_Star4_1mm.ubulk" 384
"../../../Engine/Plugins/Animation/ControlRig/Content/Controls/ControlRig_Star4_1mm.uasset" 385
"../../../Engine/Plugins/Animation/ControlRig/Content/Controls/ControlRig_Star4_1mm.uexp" 386
"../../../Engine/Plugins/Animation/ControlRig/Content/Controls/ControlRig_Square_solid.ubulk" 387
"../../../Engine/Plugins/Animation/ControlRig/Content/Controls/ControlRig_Square_solid.uasset" 388
"../../../Engine/Plugins/Animation/ControlRig/Content/Controls/ControlRig_Square_solid.uexp" 389
"../../../Engine/Plugins/Animation/ControlRig/Content/Controls/ControlRig_Square_3mm.ubulk" 390
"../../../Engine/Plugins/Animation/ControlRig/Content/Controls/ControlRig_Square_3mm.uasset" 391
"../../../Engine/Plugins/Animation/ControlRig/Content/Controls/ControlRig_Square_3mm.uexp" 392
"../../../Engine/Plugins/Animation/ControlRig/Content/Controls/ControlRig_Square_1mm.ubulk" 393
"../../../Engine/Plugins/Animation/ControlRig/Content/Controls/ControlRig_Square_1mm.uasset" 394
"../../../Engine/Plugins/Animation/ControlRig/Content/Controls/ControlRig_Square_1mm.uexp" 395
"../../../Engine/Plugins/Animation/ControlRig/Content/Controls/ControlRig_Sphere_solid.ubulk" 396
"../../../Engine/Plugins/Animation/ControlRig/Content/Controls/ControlRig_Sphere_solid.uasset" 397
"../../../Engine/Plugins/Animation/ControlRig/Content/Controls/ControlRig_Sphere_solid.uexp" 398
"../../../Engine/Plugins/Animation/ControlRig/Content/Controls/ControlRig_Sphere_3mm.ubulk" 399
"../../../Engine/Plugins/Animation/ControlRig/Content/Controls/ControlRig_Sphere_3mm.uasset" 400
"../../../Engine/Plugins/Animation/ControlRig/Content/Controls/ControlRig_Sphere_3mm.uexp" 401
"../../../Engine/Plugins/Animation/ControlRig/Content/Controls/ControlRig_Sphere_1mm.ubulk" 402
"../../../Engine/Plugins/Animation/ControlRig/Content/Controls/ControlRig_Sphere_1mm.uasset" 403
"../../../Engine/Plugins/Animation/ControlRig/Content/Controls/ControlRig_Sphere_1mm.uexp" 404
"../../../Engine/Plugins/Animation/ControlRig/Content/Controls/ControlRig_RoundedTriangle_solid.ubulk" 405
"../../../Engine/Plugins/Animation/ControlRig/Content/Controls/ControlRig_RoundedTriangle_solid.uasset" 406
"../../../Engine/Plugins/Animation/ControlRig/Content/Controls/ControlRig_RoundedTriangle_solid.uexp" 407
"../../../Engine/Plugins/Animation/ControlRig/Content/Controls/ControlRig_RoundedTriangle_3mm.ubulk" 408
"../../../Engine/Plugins/Animation/ControlRig/Content/Controls/ControlRig_RoundedTriangle_3mm.uasset" 409
"../../../Engine/Plugins/Animation/ControlRig/Content/Controls/ControlRig_RoundedTriangle_3mm.uexp" 410
"../../../Engine/Plugins/Animation/ControlRig/Content/Controls/ControlRig_RoundedTriangle_1mm.ubulk" 411
"../../../Engine/Plugins/Animation/ControlRig/Content/Controls/ControlRig_RoundedTriangle_1mm.uasset" 412
"../../../Engine/Plugins/Animation/ControlRig/Content/Controls/ControlRig_RoundedTriangle_1mm.uexp" 413
"../../../Engine/Plugins/Animation/ControlRig/Content/Controls/ControlRig_RoundedSquare_solid.ubulk" 414
"../../../Engine/Plugins/Animation/ControlRig/Content/Controls/ControlRig_RoundedSquare_solid.uasset" 415
"../../../Engine/Plugins/Animation/ControlRig/Content/Controls/ControlRig_RoundedSquare_solid.uexp" 416
"../../../Engine/Plugins/Animation/ControlRig/Content/Controls/ControlRig_RoundedSquare_3mm.ubulk" 417
"../../../Engine/Plugins/Animation/ControlRig/Content/Controls/ControlRig_RoundedSquare_3mm.uasset" 418
"../../../Engine/Plugins/Animation/ControlRig/Content/Controls/ControlRig_RoundedSquare_3mm.uexp" 419
"../../../Engine/Plugins/Animation/ControlRig/Content/Controls/ControlRig_RoundedSquare_1mm.ubulk" 420
"../../../Engine/Plugins/Animation/ControlRig/Content/Controls/ControlRig_RoundedSquare_1mm.uasset" 421
"../../../Engine/Plugins/Animation/ControlRig/Content/Controls/ControlRig_RoundedSquare_1mm.uexp" 422
"../../../Engine/Plugins/Animation/ControlRig/Content/Controls/ControlRig_QuarterCircle_solid.ubulk" 423
"../../../Engine/Plugins/Animation/ControlRig/Content/Controls/ControlRig_QuarterCircle_solid.uasset" 424
"../../../Engine/Plugins/Animation/ControlRig/Content/Controls/ControlRig_QuarterCircle_solid.uexp" 425
"../../../Engine/Plugins/Animation/ControlRig/Content/Controls/ControlRig_QuarterCircle_3mm.ubulk" 426
"../../../Engine/Plugins/Animation/ControlRig/Content/Controls/ControlRig_QuarterCircle_3mm.uasset" 427
"../../../Engine/Plugins/Animation/ControlRig/Content/Controls/ControlRig_QuarterCircle_3mm.uexp" 428
"../../../Engine/Plugins/Animation/ControlRig/Content/Controls/ControlRig_QuarterCircle_1mm.ubulk" 429
"../../../Engine/Plugins/Animation/ControlRig/Content/Controls/ControlRig_QuarterCircle_1mm.uasset" 430
"../../../Engine/Plugins/Animation/ControlRig/Content/Controls/ControlRig_QuarterCircle_1mm.uexp" 431
"../../../Engine/Plugins/Animation/ControlRig/Content/Controls/ControlRig_Pyramid_solid.ubulk" 432
"../../../Engine/Plugins/Animation/ControlRig/Content/Controls/ControlRig_Pyramid_solid.uasset" 433
"../../../Engine/Plugins/Animation/ControlRig/Content/Controls/ControlRig_Pyramid_solid.uexp" 434
"../../../Engine/Plugins/Animation/ControlRig/Content/Controls/ControlRig_Pyramid_3mm.ubulk" 435
"../../../Engine/Plugins/Animation/ControlRig/Content/Controls/ControlRig_Pyramid_3mm.uasset" 436
"../../../Engine/Plugins/Animation/ControlRig/Content/Controls/ControlRig_Pyramid_3mm.uexp" 437
"../../../Engine/Plugins/Animation/ControlRig/Content/Controls/ControlRig_Pyramid_1mm.ubulk" 438
"../../../Engine/Plugins/Animation/ControlRig/Content/Controls/ControlRig_Pyramid_1mm.uasset" 439
"../../../Engine/Plugins/Animation/ControlRig/Content/Controls/ControlRig_Pyramid_1mm.uexp" 440
"../../../Engine/Plugins/Animation/ControlRig/Content/Controls/ControlRig_Octagon_solid.ubulk" 441
"../../../Engine/Plugins/Animation/ControlRig/Content/Controls/ControlRig_Octagon_solid.uasset" 442
"../../../Engine/Plugins/Animation/ControlRig/Content/Controls/ControlRig_Octagon_solid.uexp" 443
"../../../Engine/Plugins/Animation/ControlRig/Content/Controls/ControlRig_Octagon_3mm.ubulk" 444
"../../../Engine/Plugins/Animation/ControlRig/Content/Controls/ControlRig_Octagon_3mm.uasset" 445
"../../../Engine/Plugins/Animation/ControlRig/Content/Controls/ControlRig_Octagon_3mm.uexp" 446
"../../../Engine/Plugins/Animation/ControlRig/Content/Controls/ControlRig_Octagon_1mm.ubulk" 447
"../../../Engine/Plugins/Animation/ControlRig/Content/Controls/ControlRig_Octagon_1mm.uasset" 448
"../../../Engine/Plugins/Animation/ControlRig/Content/Controls/ControlRig_Octagon_1mm.uexp" 449
"../../../Engine/Plugins/Animation/ControlRig/Content/Controls/ControlRig_Hexagon_solid.ubulk" 450
"../../../Engine/Plugins/Animation/ControlRig/Content/Controls/ControlRig_Hexagon_solid.uasset" 451
"../../../Engine/Plugins/Animation/ControlRig/Content/Controls/ControlRig_Hexagon_solid.uexp" 452
"../../../Engine/Plugins/Animation/ControlRig/Content/Controls/ControlRig_Hexagon_3mm.ubulk" 453
"../../../Engine/Plugins/Animation/ControlRig/Content/Controls/ControlRig_Hexagon_3mm.uasset" 454
"../../../Engine/Plugins/Animation/ControlRig/Content/Controls/ControlRig_Hexagon_3mm.uexp" 455
"../../../Engine/Plugins/Animation/ControlRig/Content/Controls/ControlRig_Hexagon_1mm.ubulk" 456
"../../../Engine/Plugins/Animation/ControlRig/Content/Controls/ControlRig_Hexagon_1mm.uasset" 457
"../../../Engine/Plugins/Animation/ControlRig/Content/Controls/ControlRig_Hexagon_1mm.uexp" 458
"../../../Engine/Plugins/Animation/ControlRig/Content/Controls/ControlRig_HalfCircle_solid.ubulk" 459
"../../../Engine/Plugins/Animation/ControlRig/Content/Controls/ControlRig_HalfCircle_solid.uasset" 460
"../../../Engine/Plugins/Animation/ControlRig/Content/Controls/ControlRig_HalfCircle_solid.uexp" 461
"../../../Engine/Plugins/Animation/ControlRig/Content/Controls/ControlRig_HalfCircle_3mm.ubulk" 462
"../../../Engine/Plugins/Animation/ControlRig/Content/Controls/ControlRig_HalfCircle_3mm.uasset" 463
"../../../Engine/Plugins/Animation/ControlRig/Content/Controls/ControlRig_HalfCircle_3mm.uexp" 464
"../../../Engine/Plugins/Animation/ControlRig/Content/Controls/ControlRig_HalfCircle_1mm.ubulk" 465
"../../../Engine/Plugins/Animation/ControlRig/Content/Controls/ControlRig_HalfCircle_1mm.uasset" 466
"../../../Engine/Plugins/Animation/ControlRig/Content/Controls/ControlRig_HalfCircle_1mm.uexp" 467
"../../../Engine/Plugins/Animation/ControlRig/Content/Controls/ControlRig_Diamond_solid.ubulk" 468
"../../../Engine/Plugins/Animation/ControlRig/Content/Controls/ControlRig_Diamond_solid.uasset" 469
"../../../Engine/Plugins/Animation/ControlRig/Content/Controls/ControlRig_Diamond_solid.uexp" 470
"../../../Engine/Plugins/Animation/ControlRig/Content/Controls/ControlRig_Diamond_3mm.ubulk" 471
"../../../Engine/Plugins/Animation/ControlRig/Content/Controls/ControlRig_Diamond_3mm.uasset" 472
"../../../Engine/Plugins/Animation/ControlRig/Content/Controls/ControlRig_Diamond_3mm.uexp" 473
"../../../Engine/Plugins/Animation/ControlRig/Content/Controls/ControlRig_Diamond_1mm.ubulk" 474
"../../../Engine/Plugins/Animation/ControlRig/Content/Controls/ControlRig_Diamond_1mm.uasset" 475
"../../../Engine/Plugins/Animation/ControlRig/Content/Controls/ControlRig_Diamond_1mm.uexp" 476
"../../../Engine/Plugins/Animation/ControlRig/Content/Controls/ControlRig_Circle_solid.ubulk" 477
"../../../Engine/Plugins/Animation/ControlRig/Content/Controls/ControlRig_Circle_solid.uasset" 478
"../../../Engine/Plugins/Animation/ControlRig/Content/Controls/ControlRig_Circle_solid.uexp" 479
"../../../Engine/Plugins/Animation/ControlRig/Content/Controls/ControlRig_Circle_3mm.ubulk" 480
"../../../Engine/Plugins/Animation/ControlRig/Content/Controls/ControlRig_Circle_3mm.uasset" 481
"../../../Engine/Plugins/Animation/ControlRig/Content/Controls/ControlRig_Circle_3mm.uexp" 482
"../../../Engine/Plugins/Animation/ControlRig/Content/Controls/ControlRig_Circle_1mm.ubulk" 483
"../../../Engine/Plugins/Animation/ControlRig/Content/Controls/ControlRig_Circle_1mm.uasset" 484
"../../../Engine/Plugins/Animation/ControlRig/Content/Controls/ControlRig_Circle_1mm.uexp" 485
"../../../Engine/Plugins/Animation/ControlRig/Content/Controls/ControlRig_Box_solid.ubulk" 486
"../../../Engine/Plugins/Animation/ControlRig/Content/Controls/ControlRig_Box_solid.uasset" 487
"../../../Engine/Plugins/Animation/ControlRig/Content/Controls/ControlRig_Box_solid.uexp" 488
"../../../Engine/Plugins/Animation/ControlRig/Content/Controls/ControlRig_Box_3mm.ubulk" 489
"../../../Engine/Plugins/Animation/ControlRig/Content/Controls/ControlRig_Box_3mm.uasset" 490
"../../../Engine/Plugins/Animation/ControlRig/Content/Controls/ControlRig_Box_3mm.uexp" 491
"../../../Engine/Plugins/Animation/ControlRig/Content/Controls/ControlRig_Box_1mm.ubulk" 492
"../../../Engine/Plugins/Animation/ControlRig/Content/Controls/ControlRig_Box_1mm.uasset" 493
"../../../Engine/Plugins/Animation/ControlRig/Content/Controls/ControlRig_Box_1mm.uexp" 494
"../../../Engine/Plugins/Animation/ControlRig/Content/Controls/ControlRig_Arrow_solid.ubulk" 495
"../../../Engine/Plugins/Animation/ControlRig/Content/Controls/ControlRig_Arrow_solid.uasset" 496
"../../../Engine/Plugins/Animation/ControlRig/Content/Controls/ControlRig_Arrow_solid.uexp" 497
"../../../Engine/Plugins/Animation/ControlRig/Content/Controls/ControlRig_Arrow_3mm.ubulk" 498
"../../../Engine/Plugins/Animation/ControlRig/Content/Controls/ControlRig_Arrow_3mm.uasset" 499
"../../../Engine/Plugins/Animation/ControlRig/Content/Controls/ControlRig_Arrow_3mm.uexp" 500
"../../../Engine/Plugins/Animation/ControlRig/Content/Controls/ControlRig_Arrow_1mm.ubulk" 501
"../../../Engine/Plugins/Animation/ControlRig/Content/Controls/ControlRig_Arrow_1mm.uasset" 502
"../../../Engine/Plugins/Animation/ControlRig/Content/Controls/ControlRig_Arrow_1mm.uexp" 503
"../../../Engine/Plugins/Animation/ControlRig/Content/Controls/ControlRig_Arrow4_solid.ubulk" 504
"../../../Engine/Plugins/Animation/ControlRig/Content/Controls/ControlRig_Arrow4_solid.uasset" 505
"../../../Engine/Plugins/Animation/ControlRig/Content/Controls/ControlRig_Arrow4_solid.uexp" 506
"../../../Engine/Plugins/Animation/ControlRig/Content/Controls/ControlRig_Arrow4_3mm.ubulk" 507
"../../../Engine/Plugins/Animation/ControlRig/Content/Controls/ControlRig_Arrow4_3mm.uasset" 508
"../../../Engine/Plugins/Animation/ControlRig/Content/Controls/ControlRig_Arrow4_3mm.uexp" 509
"../../../Engine/Plugins/Animation/ControlRig/Content/Controls/ControlRig_Arrow4_1mm.ubulk" 510
"../../../Engine/Plugins/Animation/ControlRig/Content/Controls/ControlRig_Arrow4_1mm.uasset" 511
"../../../Engine/Plugins/Animation/ControlRig/Content/Controls/ControlRig_Arrow4_1mm.uexp" 512
"../../../Engine/Plugins/Animation/ControlRig/Content/Controls/ControlRig_Arrow2_solid.ubulk" 513
"../../../Engine/Plugins/Animation/ControlRig/Content/Controls/ControlRig_Arrow2_solid.uasset" 514
"../../../Engine/Plugins/Animation/ControlRig/Content/Controls/ControlRig_Arrow2_solid.uexp" 515
"../../../Engine/Plugins/Animation/ControlRig/Content/Controls/ControlRig_Arrow2_3mm.ubulk" 516
"../../../Engine/Plugins/Animation/ControlRig/Content/Controls/ControlRig_Arrow2_3mm.uasset" 517
"../../../Engine/Plugins/Animation/ControlRig/Content/Controls/ControlRig_Arrow2_3mm.uexp" 518
"../../../Engine/Plugins/Animation/ControlRig/Content/Controls/ControlRig_Arrow2_1mm.ubulk" 519
"../../../Engine/Plugins/Animation/ControlRig/Content/Controls/ControlRig_Arrow2_1mm.uasset" 520
"../../../Engine/Plugins/Animation/ControlRig/Content/Controls/ControlRig_Arrow2_1mm.uexp" 521
"../../../Engine/Plugins/Animation/ControlRig/Content/Controls/ControlRigGizmoMaterial.uasset" 522
"../../../Engine/Plugins/Animation/ControlRig/Content/Controls/ControlRigGizmoMaterial.uexp" 523
"../../../Engine/Plugins/Editor/SpeedTreeImporter/Content/SpeedTree9/game_wind_noise.ubulk" 524
"../../../Engine/Plugins/Editor/SpeedTreeImporter/Content/SpeedTree9/game_wind_noise.uasset" 525
"../../../Engine/Plugins/Editor/SpeedTreeImporter/Content/SpeedTree9/game_wind_noise.uexp" 526
"../../../Engine/Plugins/Editor/SpeedTreeImporter/Content/SpeedTree9/UnpackDirection.uasset" 527
"../../../Engine/Plugins/Editor/SpeedTreeImporter/Content/SpeedTree9/UnpackDirection.uexp" 528
"../../../Engine/Content/Functions/Engine_MaterialFunctions02/ObjectLocalBounds.uasset" 529
"../../../Engine/Content/Functions/Engine_MaterialFunctions02/ObjectLocalBounds.uexp" 530
"../../../Engine/Content/Functions/Engine_MaterialFunctions02/UVs/BoundingBoxBased_0-1_UVW.uasset" 531
"../../../Engine/Content/Functions/Engine_MaterialFunctions02/UVs/BoundingBoxBased_0-1_UVW.uexp" 532
"../../../Engine/Content/Functions/Engine_MaterialFunctions02/Utility/VectorLength.uasset" 533
"../../../Engine/Content/Functions/Engine_MaterialFunctions02/Utility/VectorLength.uexp" 534
"../../../Engine/Plugins/Editor/SpeedTreeImporter/Content/SpeedTree9/UnpackInteger3.uasset" 535
"../../../Engine/Plugins/Editor/SpeedTreeImporter/Content/SpeedTree9/UnpackInteger3.uexp" 536
"../../../Engine/Plugins/Editor/SpeedTreeImporter/Content/SpeedTree9/SpeedTreeCameraFacing.uasset" 537
"../../../Engine/Plugins/Editor/SpeedTreeImporter/Content/SpeedTree9/SpeedTreeCameraFacing.uexp" 538
"../../../Engine/Content/Functions/Engine_MaterialFunctions02/WorldPositionOffset/ObjectScale.uasset" 539
"../../../Engine/Content/Functions/Engine_MaterialFunctions02/WorldPositionOffset/ObjectScale.uexp" 540
"../../../Engine/Content/Functions/Engine_MaterialFunctions02/SafeNormalize.uasset" 541
"../../../Engine/Content/Functions/Engine_MaterialFunctions02/SafeNormalize.uexp" 542
"../../../Engine/Plugins/Editor/SpeedTreeImporter/Content/SpeedTree9/SpeedTreeWindMotion.uasset" 543
"../../../Engine/Plugins/Editor/SpeedTreeImporter/Content/SpeedTree9/SpeedTreeWindMotion.uexp" 544
"../../../Engine/Plugins/Editor/SpeedTreeImporter/Content/SpeedTree9/SpeedTreeBranchMotion.uasset" 545
"../../../Engine/Plugins/Editor/SpeedTreeImporter/Content/SpeedTree9/SpeedTreeBranchMotion.uexp" 546
"../../../Engine/Plugins/Editor/SpeedTreeImporter/Content/SpeedTree9/SpeedTreeWind.uasset" 547
"../../../Engine/Plugins/Editor/SpeedTreeImporter/Content/SpeedTree9/SpeedTreeWind.uexp" 548
"../../../Engine/Plugins/Editor/SpeedTreeImporter/Content/SpeedTree9/EmptyNormal.uasset" 549
"../../../Engine/Plugins/Editor/SpeedTreeImporter/Content/SpeedTree9/EmptyNormal.uexp" 550
"../../../Engine/Plugins/Editor/SpeedTreeImporter/Content/SpeedTree9/Empty.uasset" 551
"../../../Engine/Plugins/Editor/SpeedTreeImporter/Content/SpeedTree9/Empty.uexp" 552
"../../../Engine/Plugins/Editor/SpeedTreeImporter/Content/SpeedTree9/SpeedTreeMaster.uasset" 553
"../../../Engine/Plugins/Editor/SpeedTreeImporter/Content/SpeedTree9/SpeedTreeMaster.uexp" 554
"../../../Engine/Plugins/Editor/SpeedTreeImporter/Content/SpeedTree9/SpeedTreeBillboard.uasset" 555
"../../../Engine/Plugins/Editor/SpeedTreeImporter/Content/SpeedTree9/SpeedTreeBillboard.uexp" 556
"../../../Engine/Plugins/Editor/SpeedTreeImporter/Content/SpeedTree9/SpeedTreeBillboardMaster.uasset" 557
"../../../Engine/Plugins/Editor/SpeedTreeImporter/Content/SpeedTree9/SpeedTreeBillboardMaster.uexp" 558
"../../../Engine/Plugins/Runtime/HairStrands/Content/Materials/HairMeshesDefaultMaterial.uasset" 559
"../../../Engine/Plugins/Runtime/HairStrands/Content/Materials/HairMeshesDefaultMaterial.uexp" 560
"../../../Engine/Plugins/Runtime/HairStrands/Content/Materials/HairDefaultMaterial.uasset" 561
"../../../Engine/Plugins/Runtime/HairStrands/Content/Materials/HairDefaultMaterial.uexp" 562
"../../../Engine/Plugins/Runtime/HairStrands/Content/Materials/HairGroupColors.uasset" 563
"../../../Engine/Plugins/Runtime/HairStrands/Content/Materials/HairGroupColors.uexp" 564
"../../../Engine/Content/EngineMaterials/HairColorMap.uasset" 565
"../../../Engine/Content/EngineMaterials/HairColorMap.uexp" 566
"../../../Engine/Content/EngineMaterials/HairDebugColor.uasset" 567
"../../../Engine/Content/EngineMaterials/HairDebugColor.uexp" 568
"../../../Engine/Plugins/Runtime/HairStrands/Content/Materials/HairDebugMaterial.uasset" 569
"../../../Engine/Plugins/Runtime/HairStrands/Content/Materials/HairDebugMaterial.uexp" 570
"../../../Engine/Plugins/Runtime/HairStrands/Content/Materials/HairCardsDefaultMaterial.uasset" 571
"../../../Engine/Plugins/Runtime/HairStrands/Content/Materials/HairCardsDefaultMaterial.uexp" 572
"C:/Users/Pranav Sitaraman/Documents/Programming/NasaADC/Lunar_Base_Demo/Content/Characters/Mannequins/Meshes/SK_Mannequin.uasset" 573
"C:/Users/Pranav Sitaraman/Documents/Programming/NasaADC/Lunar_Base_Demo/Content/Characters/Mannequins/Meshes/SK_Mannequin.uexp" 574
"C:/Users/Pranav Sitaraman/Documents/Programming/NasaADC/Lunar_Base_Demo/Content/Characters/Mannequins/Textures/Quinn/T_Quinn_02ID_MSR_MSK.ubulk" 575
"C:/Users/Pranav Sitaraman/Documents/Programming/NasaADC/Lunar_Base_Demo/Content/Characters/Mannequins/Textures/Quinn/T_Quinn_02ID_MSR_MSK.uasset" 576
"C:/Users/Pranav Sitaraman/Documents/Programming/NasaADC/Lunar_Base_Demo/Content/Characters/Mannequins/Textures/Quinn/T_Quinn_02ID_MSR_MSK.uexp" 577
"C:/Users/Pranav Sitaraman/Documents/Programming/NasaADC/Lunar_Base_Demo/Content/Characters/Mannequins/Textures/Quinn/T_Quinn_02ID_BN.ubulk" 578
"C:/Users/Pranav Sitaraman/Documents/Programming/NasaADC/Lunar_Base_Demo/Content/Characters/Mannequins/Textures/Quinn/T_Quinn_02ID_BN.uasset" 579
"C:/Users/Pranav Sitaraman/Documents/Programming/NasaADC/Lunar_Base_Demo/Content/Characters/Mannequins/Textures/Quinn/T_Quinn_02ID_BN.uexp" 580
"C:/Users/Pranav Sitaraman/Documents/Programming/NasaADC/Lunar_Base_Demo/Content/Characters/Mannequins/Textures/Quinn/T_Quinn_02_ASAOMASK_MSK.ubulk" 581
"C:/Users/Pranav Sitaraman/Documents/Programming/NasaADC/Lunar_Base_Demo/Content/Characters/Mannequins/Textures/Quinn/T_Quinn_02_ASAOMASK_MSK.uasset" 582
"C:/Users/Pranav Sitaraman/Documents/Programming/NasaADC/Lunar_Base_Demo/Content/Characters/Mannequins/Textures/Quinn/T_Quinn_02_ASAOMASK_MSK.uexp" 583
"C:/Users/Pranav Sitaraman/Documents/Programming/NasaADC/Lunar_Base_Demo/Content/Characters/Mannequins/Textures/Quinn/T_Quinn_02_CCRCCPlastic_MSK.ubulk" 584
"C:/Users/Pranav Sitaraman/Documents/Programming/NasaADC/Lunar_Base_Demo/Content/Characters/Mannequins/Textures/Quinn/T_Quinn_02_CCRCCPlastic_MSK.uasset" 585
"C:/Users/Pranav Sitaraman/Documents/Programming/NasaADC/Lunar_Base_Demo/Content/Characters/Mannequins/Textures/Quinn/T_Quinn_02_CCRCCPlastic_MSK.uexp" 586
"C:/Users/Pranav Sitaraman/Documents/Programming/NasaADC/Lunar_Base_Demo/Content/Characters/Mannequins/Textures/Quinn/T_Quinn_02ID_Tan.ubulk" 587
"C:/Users/Pranav Sitaraman/Documents/Programming/NasaADC/Lunar_Base_Demo/Content/Characters/Mannequins/Textures/Quinn/T_Quinn_02ID_Tan.uasset" 588
"C:/Users/Pranav Sitaraman/Documents/Programming/NasaADC/Lunar_Base_Demo/Content/Characters/Mannequins/Textures/Quinn/T_Quinn_02ID_Tan.uexp" 589
"C:/Users/Pranav Sitaraman/Documents/Programming/NasaADC/Lunar_Base_Demo/Content/Characters/Mannequins/Textures/Quinn/T_Quinn_02ID_D.ubulk" 590
"C:/Users/Pranav Sitaraman/Documents/Programming/NasaADC/Lunar_Base_Demo/Content/Characters/Mannequins/Textures/Quinn/T_Quinn_02ID_D.uasset" 591
"C:/Users/Pranav Sitaraman/Documents/Programming/NasaADC/Lunar_Base_Demo/Content/Characters/Mannequins/Textures/Quinn/T_Quinn_02ID_D.uexp" 592
"C:/Users/Pranav Sitaraman/Documents/Programming/NasaADC/Lunar_Base_Demo/Content/Characters/Mannequins/Textures/Quinn/T_Quinn_01ID_MSR_MSK.ubulk" 593
"C:/Users/Pranav Sitaraman/Documents/Programming/NasaADC/Lunar_Base_Demo/Content/Characters/Mannequins/Textures/Quinn/T_Quinn_01ID_MSR_MSK.uasset" 594
"C:/Users/Pranav Sitaraman/Documents/Programming/NasaADC/Lunar_Base_Demo/Content/Characters/Mannequins/Textures/Quinn/T_Quinn_01ID_MSR_MSK.uexp" 595
"C:/Users/Pranav Sitaraman/Documents/Programming/NasaADC/Lunar_Base_Demo/Content/Characters/Mannequins/Materials/Functions/ChromaticCurve.uasset" 596
"C:/Users/Pranav Sitaraman/Documents/Programming/NasaADC/Lunar_Base_Demo/Content/Characters/Mannequins/Materials/Functions/ChromaticCurve.uexp" 597
"C:/Users/Pranav Sitaraman/Documents/Programming/NasaADC/Lunar_Base_Demo/Content/Characters/Mannequins/Materials/Functions/CA_Mannequin.uasset" 598
"C:/Users/Pranav Sitaraman/Documents/Programming/NasaADC/Lunar_Base_Demo/Content/Characters/Mannequins/Materials/Functions/CA_Mannequin.uexp" 599
"C:/Users/Pranav Sitaraman/Documents/Programming/NasaADC/Lunar_Base_Demo/Content/Characters/Mannequins/Materials/Functions/MF_Diffraction.uasset" 600
"C:/Users/Pranav Sitaraman/Documents/Programming/NasaADC/Lunar_Base_Demo/Content/Characters/Mannequins/Materials/Functions/MF_Diffraction.uexp" 601
"C:/Users/Pranav Sitaraman/Documents/Programming/NasaADC/Lunar_Base_Demo/Content/Characters/Mannequins/Textures/Manny/T_Manny_01_N.ubulk" 602
"C:/Users/Pranav Sitaraman/Documents/Programming/NasaADC/Lunar_Base_Demo/Content/Characters/Mannequins/Textures/Manny/T_Manny_01_N.uasset" 603
"C:/Users/Pranav Sitaraman/Documents/Programming/NasaADC/Lunar_Base_Demo/Content/Characters/Mannequins/Textures/Manny/T_Manny_01_N.uexp" 604
"C:/Users/Pranav Sitaraman/Documents/Programming/NasaADC/Lunar_Base_Demo/Content/Characters/Mannequins/Materials/Functions/ML_BaseColorFallOff.uasset" 605
"C:/Users/Pranav Sitaraman/Documents/Programming/NasaADC/Lunar_Base_Demo/Content/Characters/Mannequins/Materials/Functions/ML_BaseColorFallOff.uexp" 606
"../../../Engine/Content/Functions/Engine_MaterialFunctions01/Texturing/ScaleUVsByCenter.uasset" 607
"../../../Engine/Content/Functions/Engine_MaterialFunctions01/Texturing/ScaleUVsByCenter.uexp" 608
"C:/Users/Pranav Sitaraman/Documents/Programming/NasaADC/Lunar_Base_Demo/Content/Characters/Mannequins/Textures/Shared/T_UE_Logo_M.uasset" 609
"C:/Users/Pranav Sitaraman/Documents/Programming/NasaADC/Lunar_Base_Demo/Content/Characters/Mannequins/Textures/Shared/T_UE_Logo_M.uexp" 610
"C:/Users/Pranav Sitaraman/Documents/Programming/NasaADC/Lunar_Base_Demo/Content/Characters/Mannequins/Materials/Functions/MF_logo3layers.uasset" 611
"C:/Users/Pranav Sitaraman/Documents/Programming/NasaADC/Lunar_Base_Demo/Content/Characters/Mannequins/Materials/Functions/MF_logo3layers.uexp" 612
"C:/Users/Pranav Sitaraman/Documents/Programming/NasaADC/Lunar_Base_Demo/Content/Characters/Mannequins/Textures/Manny/T_Manny_01_CCRCCPlastic_MSK.ubulk" 613
"C:/Users/Pranav Sitaraman/Documents/Programming/NasaADC/Lunar_Base_Demo/Content/Characters/Mannequins/Textures/Manny/T_Manny_01_CCRCCPlastic_MSK.uasset" 614
"C:/Users/Pranav Sitaraman/Documents/Programming/NasaADC/Lunar_Base_Demo/Content/Characters/Mannequins/Textures/Manny/T_Manny_01_CCRCCPlastic_MSK.uexp" 615
"C:/Users/Pranav Sitaraman/Documents/Programming/NasaADC/Lunar_Base_Demo/Content/Characters/Mannequins/Textures/Manny/T_Manny_01_ASAOPMASK_MSK.ubulk" 616
"C:/Users/Pranav Sitaraman/Documents/Programming/NasaADC/Lunar_Base_Demo/Content/Characters/Mannequins/Textures/Manny/T_Manny_01_ASAOPMASK_MSK.uasset" 617
"C:/Users/Pranav Sitaraman/Documents/Programming/NasaADC/Lunar_Base_Demo/Content/Characters/Mannequins/Textures/Manny/T_Manny_01_ASAOPMASK_MSK.uexp" 618
"C:/Users/Pranav Sitaraman/Documents/Programming/NasaADC/Lunar_Base_Demo/Content/Characters/Mannequins/Textures/Manny/T_Manny_01_MSR_MSK.ubulk" 619
"C:/Users/Pranav Sitaraman/Documents/Programming/NasaADC/Lunar_Base_Demo/Content/Characters/Mannequins/Textures/Manny/T_Manny_01_MSR_MSK.uasset" 620
"C:/Users/Pranav Sitaraman/Documents/Programming/NasaADC/Lunar_Base_Demo/Content/Characters/Mannequins/Textures/Manny/T_Manny_01_MSR_MSK.uexp" 621
"C:/Users/Pranav Sitaraman/Documents/Programming/NasaADC/Lunar_Base_Demo/Content/Characters/Mannequins/Textures/Manny/T_Manny_01_BN.ubulk" 622
"C:/Users/Pranav Sitaraman/Documents/Programming/NasaADC/Lunar_Base_Demo/Content/Characters/Mannequins/Textures/Manny/T_Manny_01_BN.uasset" 623
"C:/Users/Pranav Sitaraman/Documents/Programming/NasaADC/Lunar_Base_Demo/Content/Characters/Mannequins/Textures/Manny/T_Manny_01_BN.uexp" 624
"C:/Users/Pranav Sitaraman/Documents/Programming/NasaADC/Lunar_Base_Demo/Content/Characters/Mannequins/Textures/Manny/T_Manny_01_D.ubulk" 625
"C:/Users/Pranav Sitaraman/Documents/Programming/NasaADC/Lunar_Base_Demo/Content/Characters/Mannequins/Textures/Manny/T_Manny_01_D.uasset" 626
"C:/Users/Pranav Sitaraman/Documents/Programming/NasaADC/Lunar_Base_Demo/Content/Characters/Mannequins/Textures/Manny/T_Manny_01_D.uexp" 627
"C:/Users/Pranav Sitaraman/Documents/Programming/NasaADC/Lunar_Base_Demo/Content/Characters/Mannequins/Textures/Manny/T_Manny_01_Tan.ubulk" 628
"C:/Users/Pranav Sitaraman/Documents/Programming/NasaADC/Lunar_Base_Demo/Content/Characters/Mannequins/Textures/Manny/T_Manny_01_Tan.uasset" 629
"C:/Users/Pranav Sitaraman/Documents/Programming/NasaADC/Lunar_Base_Demo/Content/Characters/Mannequins/Textures/Manny/T_Manny_01_Tan.uexp" 630
"C:/Users/Pranav Sitaraman/Documents/Programming/NasaADC/Lunar_Base_Demo/Content/Characters/Mannequins/Materials/M_Mannequin.uasset" 631
"C:/Users/Pranav Sitaraman/Documents/Programming/NasaADC/Lunar_Base_Demo/Content/Characters/Mannequins/Materials/M_Mannequin.uexp" 632
"C:/Users/Pranav Sitaraman/Documents/Programming/NasaADC/Lunar_Base_Demo/Content/Characters/Mannequins/Textures/Quinn/T_Quinn_01_ASAOMASK_MSK.ubulk" 633
"C:/Users/Pranav Sitaraman/Documents/Programming/NasaADC/Lunar_Base_Demo/Content/Characters/Mannequins/Textures/Quinn/T_Quinn_01_ASAOMASK_MSK.uasset" 634
"C:/Users/Pranav Sitaraman/Documents/Programming/NasaADC/Lunar_Base_Demo/Content/Characters/Mannequins/Textures/Quinn/T_Quinn_01_ASAOMASK_MSK.uexp" 635
"C:/Users/Pranav Sitaraman/Documents/Programming/NasaADC/Lunar_Base_Demo/Content/Characters/Mannequins/Textures/Quinn/T_Quinn_01ID_N.ubulk" 636
"C:/Users/Pranav Sitaraman/Documents/Programming/NasaADC/Lunar_Base_Demo/Content/Characters/Mannequins/Textures/Quinn/T_Quinn_01ID_N.uasset" 637
"C:/Users/Pranav Sitaraman/Documents/Programming/NasaADC/Lunar_Base_Demo/Content/Characters/Mannequins/Textures/Quinn/T_Quinn_01ID_N.uexp" 638
"C:/Users/Pranav Sitaraman/Documents/Programming/NasaADC/Lunar_Base_Demo/Content/Characters/Mannequins/Textures/Quinn/T_Quinn_01ID_BN.ubulk" 639
"C:/Users/Pranav Sitaraman/Documents/Programming/NasaADC/Lunar_Base_Demo/Content/Characters/Mannequins/Textures/Quinn/T_Quinn_01ID_BN.uasset" 640
"C:/Users/Pranav Sitaraman/Documents/Programming/NasaADC/Lunar_Base_Demo/Content/Characters/Mannequins/Textures/Quinn/T_Quinn_01ID_BN.uexp" 641
"C:/Users/Pranav Sitaraman/Documents/Programming/NasaADC/Lunar_Base_Demo/Content/Characters/Mannequins/Textures/Quinn/T_Quinn_01ID_D.ubulk" 642
"C:/Users/Pranav Sitaraman/Documents/Programming/NasaADC/Lunar_Base_Demo/Content/Characters/Mannequins/Textures/Quinn/T_Quinn_01ID_D.uasset" 643
"C:/Users/Pranav Sitaraman/Documents/Programming/NasaADC/Lunar_Base_Demo/Content/Characters/Mannequins/Textures/Quinn/T_Quinn_01ID_D.uexp" 644
"C:/Users/Pranav Sitaraman/Documents/Programming/NasaADC/Lunar_Base_Demo/Content/Characters/Mannequins/Textures/Quinn/T_Quinn_01ID_Tan.ubulk" 645
"C:/Users/Pranav Sitaraman/Documents/Programming/NasaADC/Lunar_Base_Demo/Content/Characters/Mannequins/Textures/Quinn/T_Quinn_01ID_Tan.uasset" 646
"C:/Users/Pranav Sitaraman/Documents/Programming/NasaADC/Lunar_Base_Demo/Content/Characters/Mannequins/Textures/Quinn/T_Quinn_01ID_Tan.uexp" 647
"C:/Users/Pranav Sitaraman/Documents/Programming/NasaADC/Lunar_Base_Demo/Content/Characters/Mannequins/Textures/Quinn/T_Quinn_01_CCRCCPlastic_MSK.ubulk" 648
"C:/Users/Pranav Sitaraman/Documents/Programming/NasaADC/Lunar_Base_Demo/Content/Characters/Mannequins/Textures/Quinn/T_Quinn_01_CCRCCPlastic_MSK.uasset" 649
"C:/Users/Pranav Sitaraman/Documents/Programming/NasaADC/Lunar_Base_Demo/Content/Characters/Mannequins/Textures/Quinn/T_Quinn_01_CCRCCPlastic_MSK.uexp" 650
"C:/Users/Pranav Sitaraman/Documents/Programming/NasaADC/Lunar_Base_Demo/Content/Characters/Mannequins/Materials/Instances/Quinn/MI_Quinn_01.uasset" 651
"C:/Users/Pranav Sitaraman/Documents/Programming/NasaADC/Lunar_Base_Demo/Content/Characters/Mannequins/Materials/Instances/Quinn/MI_Quinn_01.uexp" 652
"C:/Users/Pranav Sitaraman/Documents/Programming/NasaADC/Lunar_Base_Demo/Content/Characters/Mannequins/Textures/Quinn/T_Quinn_02ID_N.ubulk" 653
"C:/Users/Pranav Sitaraman/Documents/Programming/NasaADC/Lunar_Base_Demo/Content/Characters/Mannequins/Textures/Quinn/T_Quinn_02ID_N.uasset" 654
"C:/Users/Pranav Sitaraman/Documents/Programming/NasaADC/Lunar_Base_Demo/Content/Characters/Mannequins/Textures/Quinn/T_Quinn_02ID_N.uexp" 655
"C:/Users/Pranav Sitaraman/Documents/Programming/NasaADC/Lunar_Base_Demo/Content/Characters/Mannequins/Materials/Instances/Quinn/MI_Quinn_02.uasset" 656
"C:/Users/Pranav Sitaraman/Documents/Programming/NasaADC/Lunar_Base_Demo/Content/Characters/Mannequins/Materials/Instances/Quinn/MI_Quinn_02.uexp" 657
"C:/Users/Pranav Sitaraman/Documents/Programming/NasaADC/Lunar_Base_Demo/Content/Characters/Mannequins/Rigs/PA_Mannequin.uasset" 658
"C:/Users/Pranav Sitaraman/Documents/Programming/NasaADC/Lunar_Base_Demo/Content/Characters/Mannequins/Rigs/PA_Mannequin.uexp" 659
"C:/Users/Pranav Sitaraman/Documents/Programming/NasaADC/Lunar_Base_Demo/Content/Characters/Mannequins/Meshes/SKM_Quinn_Simple.uasset" 660
"C:/Users/Pranav Sitaraman/Documents/Programming/NasaADC/Lunar_Base_Demo/Content/Characters/Mannequins/Meshes/SKM_Quinn_Simple.uexp" 661
"../../../Engine/Content/Animation/DefaultAnimCurveCompressionSettings.uasset" 662
"../../../Engine/Content/Animation/DefaultAnimCurveCompressionSettings.uexp" 663
"../../../Engine/Content/Animation/DefaultAnimBoneCompressionSettings.uasset" 664
"../../../Engine/Content/Animation/DefaultAnimBoneCompressionSettings.uexp" 665
"C:/Users/Pranav Sitaraman/Documents/Programming/NasaADC/Lunar_Base_Demo/Content/Characters/Mannequins/Animations/Quinn/MF_Run_Fwd.uasset" 666
"C:/Users/Pranav Sitaraman/Documents/Programming/NasaADC/Lunar_Base_Demo/Content/Characters/Mannequins/Animations/Quinn/MF_Run_Fwd.uexp" 667
"C:/Users/Pranav Sitaraman/Documents/Programming/NasaADC/Lunar_Base_Demo/Content/Characters/Mannequins/Animations/Quinn/MF_Walk_Fwd.uasset" 668
"C:/Users/Pranav Sitaraman/Documents/Programming/NasaADC/Lunar_Base_Demo/Content/Characters/Mannequins/Animations/Quinn/MF_Walk_Fwd.uexp" 669
"../../../Engine/Content/Animation/DefaultRecorderBoneCompression.uasset" 670
"../../../Engine/Content/Animation/DefaultRecorderBoneCompression.uexp" 671
"C:/Users/Pranav Sitaraman/Documents/Programming/NasaADC/Lunar_Base_Demo/Content/Characters/Mannequins/Animations/Manny/MM_Walk_InPlace.uasset" 672
"C:/Users/Pranav Sitaraman/Documents/Programming/NasaADC/Lunar_Base_Demo/Content/Characters/Mannequins/Animations/Manny/MM_Walk_InPlace.uexp" 673
"C:/Users/Pranav Sitaraman/Documents/Programming/NasaADC/Lunar_Base_Demo/Content/Characters/Mannequins/Animations/Quinn/BS_MF_Unarmed_WalkRun.uasset" 674
"C:/Users/Pranav Sitaraman/Documents/Programming/NasaADC/Lunar_Base_Demo/Content/Characters/Mannequins/Animations/Quinn/BS_MF_Unarmed_WalkRun.uexp" 675
"C:/Users/Pranav Sitaraman/Documents/Programming/NasaADC/Lunar_Base_Demo/Content/Characters/Mannequins/Animations/Quinn/MF_Idle.uasset" 676
"C:/Users/Pranav Sitaraman/Documents/Programming/NasaADC/Lunar_Base_Demo/Content/Characters/Mannequins/Animations/Quinn/MF_Idle.uexp" 677
"C:/Users/Pranav Sitaraman/Documents/Programming/NasaADC/Lunar_Base_Demo/Content/Characters/Mannequins/Animations/Manny/MM_Fall_Loop.uasset" 678
"C:/Users/Pranav Sitaraman/Documents/Programming/NasaADC/Lunar_Base_Demo/Content/Characters/Mannequins/Animations/Manny/MM_Fall_Loop.uexp" 679
"C:/Users/Pranav Sitaraman/Documents/Programming/NasaADC/Lunar_Base_Demo/Content/Characters/Mannequins/Animations/Manny/MM_Jump.uasset" 680
"C:/Users/Pranav Sitaraman/Documents/Programming/NasaADC/Lunar_Base_Demo/Content/Characters/Mannequins/Animations/Manny/MM_Jump.uexp" 681
"../../../Engine/Plugins/Animation/ControlRig/Content/Controls/DefaultGizmoLibrary.uasset" 682
"../../../Engine/Plugins/Animation/ControlRig/Content/Controls/DefaultGizmoLibrary.uexp" 683
"C:/Users/Pranav Sitaraman/Documents/Programming/NasaADC/Lunar_Base_Demo/Content/Characters/Mannequins/Rigs/CR_Mannequin_BasicFootIK.uasset" 684
"C:/Users/Pranav Sitaraman/Documents/Programming/NasaADC/Lunar_Base_Demo/Content/Characters/Mannequins/Rigs/CR_Mannequin_BasicFootIK.uexp" 685
"C:/Users/Pranav Sitaraman/Documents/Programming/NasaADC/Lunar_Base_Demo/Content/Characters/Mannequins/Animations/Manny/MM_Run_Fwd.uasset" 686
"C:/Users/Pranav Sitaraman/Documents/Programming/NasaADC/Lunar_Base_Demo/Content/Characters/Mannequins/Animations/Manny/MM_Run_Fwd.uexp" 687
"C:/Users/Pranav Sitaraman/Documents/Programming/NasaADC/Lunar_Base_Demo/Content/Characters/Mannequins/Animations/Manny/MM_Walk_Fwd.uasset" 688
"C:/Users/Pranav Sitaraman/Documents/Programming/NasaADC/Lunar_Base_Demo/Content/Characters/Mannequins/Animations/Manny/MM_Walk_Fwd.uexp" 689
"C:/Users/Pranav Sitaraman/Documents/Programming/NasaADC/Lunar_Base_Demo/Content/Characters/Mannequins/Animations/Manny/BS_MM_WalkRun.uasset" 690
"C:/Users/Pranav Sitaraman/Documents/Programming/NasaADC/Lunar_Base_Demo/Content/Characters/Mannequins/Animations/Manny/BS_MM_WalkRun.uexp" 691
"C:/Users/Pranav Sitaraman/Documents/Programming/NasaADC/Lunar_Base_Demo/Content/Characters/Mannequins/Animations/Manny/MM_Land.uasset" 692
"C:/Users/Pranav Sitaraman/Documents/Programming/NasaADC/Lunar_Base_Demo/Content/Characters/Mannequins/Animations/Manny/MM_Land.uexp" 693
"C:/Users/Pranav Sitaraman/Documents/Programming/NasaADC/Lunar_Base_Demo/Content/Characters/Mannequins/Animations/Manny/MM_Idle.uasset" 694
"C:/Users/Pranav Sitaraman/Documents/Programming/NasaADC/Lunar_Base_Demo/Content/Characters/Mannequins/Animations/Manny/MM_Idle.uexp" 695
"C:/Users/Pranav Sitaraman/Documents/Programming/NasaADC/Lunar_Base_Demo/Content/Characters/Mannequins/Animations/ABP_Manny.uasset" 696
"C:/Users/Pranav Sitaraman/Documents/Programming/NasaADC/Lunar_Base_Demo/Content/Characters/Mannequins/Animations/ABP_Manny.uexp" 697
"C:/Users/Pranav Sitaraman/Documents/Programming/NasaADC/Lunar_Base_Demo/Content/Characters/Mannequins/Animations/ABP_Quinn.uasset" 698
"C:/Users/Pranav Sitaraman/Documents/Programming/NasaADC/Lunar_Base_Demo/Content/Characters/Mannequins/Animations/ABP_Quinn.uexp" 699
"C:/Users/Pranav Sitaraman/Documents/Programming/NasaADC/Lunar_Base_Demo/Content/ThirdPerson/Blueprints/BP_ThirdPersonCharacter.uasset" 700
"C:/Users/Pranav Sitaraman/Documents/Programming/NasaADC/Lunar_Base_Demo/Content/ThirdPerson/Blueprints/BP_ThirdPersonCharacter.uexp" 701
"C:/Users/Pranav Sitaraman/Documents/Programming/NasaADC/Lunar_Base_Demo/Content/ThirdPerson/Blueprints/BP_ThirdPersonGameMode.uasset" 702
"C:/Users/Pranav Sitaraman/Documents/Programming/NasaADC/Lunar_Base_Demo/Content/ThirdPerson/Blueprints/BP_ThirdPersonGameMode.uexp" 703
"../../../Engine/Content/Maps/Entry_BuiltData.uasset" 704
"../../../Engine/Content/Maps/Entry_BuiltData.uexp" 705
"../../../Engine/Content/Maps/Entry.uexp" 706
"../../../Engine/Content/Maps/Entry.umap" 707
"C:/Users/Pranav Sitaraman/Documents/Programming/NasaADC/Lunar_Base_Demo/Content/Materials/Rover_Base_Materials/Metal.uasset" 708
"C:/Users/Pranav Sitaraman/Documents/Programming/NasaADC/Lunar_Base_Demo/Content/Materials/Rover_Base_Materials/Metal.uexp" 709
"C:/Users/Pranav Sitaraman/Documents/Programming/NasaADC/Lunar_Base_Demo/Content/Materials/Rover_Base_Materials/Grey.uasset" 710
"C:/Users/Pranav Sitaraman/Documents/Programming/NasaADC/Lunar_Base_Demo/Content/Materials/Rover_Base_Materials/Grey.uexp" 711
"C:/Users/Pranav Sitaraman/Documents/Programming/NasaADC/Lunar_Base_Demo/Content/Materials/Rover_Base_Materials/Light_Grey.uasset" 712
"C:/Users/Pranav Sitaraman/Documents/Programming/NasaADC/Lunar_Base_Demo/Content/Materials/Rover_Base_Materials/Light_Grey.uexp" 713
"C:/Users/Pranav Sitaraman/Documents/Programming/NasaADC/Lunar_Base_Demo/Content/Actors/Water_Tank.uasset" 714
"C:/Users/Pranav Sitaraman/Documents/Programming/NasaADC/Lunar_Base_Demo/Content/Actors/Water_Tank.uexp" 715
"C:/Users/Pranav Sitaraman/Documents/Programming/NasaADC/Lunar_Base_Demo/Content/Materials/Rover_Base_Materials/Floor.uasset" 716
"C:/Users/Pranav Sitaraman/Documents/Programming/NasaADC/Lunar_Base_Demo/Content/Materials/Rover_Base_Materials/Floor.uexp" 717
"C:/Users/Pranav Sitaraman/Documents/Programming/NasaADC/Lunar_Base_Demo/Content/Materials/Rover_Base_Materials/Red_Light.uasset" 718
"C:/Users/Pranav Sitaraman/Documents/Programming/NasaADC/Lunar_Base_Demo/Content/Materials/Rover_Base_Materials/Red_Light.uexp" 719
"C:/Users/Pranav Sitaraman/Documents/Programming/NasaADC/Lunar_Base_Demo/Content/Materials/Rover_Base_Materials/White_Light.uasset" 720
"C:/Users/Pranav Sitaraman/Documents/Programming/NasaADC/Lunar_Base_Demo/Content/Materials/Rover_Base_Materials/White_Light.uexp" 721
"C:/Users/Pranav Sitaraman/Documents/Programming/NasaADC/Lunar_Base_Demo/Content/Actors/Rover_Recharge_Station.uasset" 722
"C:/Users/Pranav Sitaraman/Documents/Programming/NasaADC/Lunar_Base_Demo/Content/Actors/Rover_Recharge_Station.uexp" 723
"C:/Users/Pranav Sitaraman/Documents/Programming/NasaADC/Lunar_Base_Demo/Content/Materials/Rover_Base_Materials/Reflective_White.uasset" 724
"C:/Users/Pranav Sitaraman/Documents/Programming/NasaADC/Lunar_Base_Demo/Content/Materials/Rover_Base_Materials/Reflective_White.uexp" 725
"../../../Engine/Content/Functions/Engine_MaterialFunctions02/Fresnel_Function.uasset" 726
"../../../Engine/Content/Functions/Engine_MaterialFunctions02/Fresnel_Function.uexp" 727
"C:/Users/Pranav Sitaraman/Documents/Programming/NasaADC/Lunar_Base_Demo/Content/Materials/Rover_Base_Materials/Solar_Panel.uasset" 728
"C:/Users/Pranav Sitaraman/Documents/Programming/NasaADC/Lunar_Base_Demo/Content/Materials/Rover_Base_Materials/Solar_Panel.uexp" 729
"C:/Users/Pranav Sitaraman/Documents/Programming/NasaADC/Lunar_Base_Demo/Content/Materials/Rover_Base_Materials/White.uasset" 730
"C:/Users/Pranav Sitaraman/Documents/Programming/NasaADC/Lunar_Base_Demo/Content/Materials/Rover_Base_Materials/White.uexp" 731
"C:/Users/Pranav Sitaraman/Documents/Programming/NasaADC/Lunar_Base_Demo/Content/Materials/Rover_Base_Materials/Tire.uasset" 732
"C:/Users/Pranav Sitaraman/Documents/Programming/NasaADC/Lunar_Base_Demo/Content/Materials/Rover_Base_Materials/Tire.uexp" 733
"C:/Users/Pranav Sitaraman/Documents/Programming/NasaADC/Lunar_Base_Demo/Content/Actors/Starship_HLS.uasset" 734
"C:/Users/Pranav Sitaraman/Documents/Programming/NasaADC/Lunar_Base_Demo/Content/Actors/Starship_HLS.uexp" 735
"../../../Engine/Content/EngineMaterials/BlendFunc_DefBlend.uasset" 736
"../../../Engine/Content/EngineMaterials/BlendFunc_DefBlend.uexp" 737
"../../../Engine/Content/EngineMaterials/BlendFunc_DefBase.uasset" 738
"../../../Engine/Content/EngineMaterials/BlendFunc_DefBase.uexp" 739
"../../../Engine/Content/Functions/Engine_MaterialFunctions03/Blends/Blend_Overlay.uasset" 740
"../../../Engine/Content/Functions/Engine_MaterialFunctions03/Blends/Blend_Overlay.uexp" 741
"../../../Engine/Content/OpenWorldTemplate/LandscapeMaterial/T_GridChecker_A.ubulk" 742
"../../../Engine/Content/OpenWorldTemplate/LandscapeMaterial/T_GridChecker_A.uasset" 743
"../../../Engine/Content/OpenWorldTemplate/LandscapeMaterial/T_GridChecker_A.uexp" 744
"../../../Engine/Content/Functions/Engine_MaterialFunctions01/Gradient/LinearGradient.uasset" 745
"../../../Engine/Content/Functions/Engine_MaterialFunctions01/Gradient/LinearGradient.uexp" 746
"../../../Engine/Content/Functions/Engine_MaterialFunctions01/ImageAdjustment/CheapContrast.uasset" 747
"../../../Engine/Content/Functions/Engine_MaterialFunctions01/ImageAdjustment/CheapContrast.uexp" 748
"../../../Engine/Content/OpenWorldTemplate/LandscapeMaterial/MF_ProcGrid.uasset" 749
"../../../Engine/Content/OpenWorldTemplate/LandscapeMaterial/MF_ProcGrid.uexp" 750
"../../../Engine/Content/OpenWorldTemplate/LandscapeMaterial/M_ProcGrid.uasset" 751
"../../../Engine/Content/OpenWorldTemplate/LandscapeMaterial/M_ProcGrid.uexp" 752
"../../../Engine/Content/OpenWorldTemplate/LandscapeMaterial/MI_ProcGrid.uasset" 753
"../../../Engine/Content/OpenWorldTemplate/LandscapeMaterial/MI_ProcGrid.uexp" 754
"C:/Users/Pranav Sitaraman/Documents/Programming/NasaADC/Lunar_Base_Demo/Content/Materials/Rover_Base_Materials/Glass.uasset" 755
"C:/Users/Pranav Sitaraman/Documents/Programming/NasaADC/Lunar_Base_Demo/Content/Materials/Rover_Base_Materials/Glass.uexp" 756
"C:/Users/Pranav Sitaraman/Documents/Programming/NasaADC/Lunar_Base_Demo/Content/Actors/Solar_Panel_Array.uasset" 757
"C:/Users/Pranav Sitaraman/Documents/Programming/NasaADC/Lunar_Base_Demo/Content/Actors/Solar_Panel_Array.uexp" 758
"../../../Engine/Content/EngineSky/T_Sky_Stars.ubulk" 759
"../../../Engine/Content/EngineSky/T_Sky_Stars.uasset" 760
"../../../Engine/Content/EngineSky/T_Sky_Stars.uexp" 761
"../../../Engine/Content/EngineSky/T_Sky_Clouds_M.ubulk" 762
"../../../Engine/Content/EngineSky/T_Sky_Clouds_M.uasset" 763
"../../../Engine/Content/EngineSky/T_Sky_Clouds_M.uexp" 764
"../../../Engine/Content/EngineSky/T_Sky_Blue.ubulk" 765
"../../../Engine/Content/EngineSky/T_Sky_Blue.uasset" 766
"../../../Engine/Content/EngineSky/T_Sky_Blue.uexp" 767
"../../../Engine/Content/EngineSky/M_Sky_Panning_Clouds2.uasset" 768
"../../../Engine/Content/EngineSky/M_Sky_Panning_Clouds2.uexp" 769
"../../../Engine/Content/EngineSky/SM_SkySphere.ubulk" 770
"../../../Engine/Content/EngineSky/SM_SkySphere.uasset" 771
"../../../Engine/Content/EngineSky/SM_SkySphere.uexp" 772
"../../../Engine/Content/MapTemplates/SM_Template_Map_Floor.ubulk" 773
"../../../Engine/Content/MapTemplates/SM_Template_Map_Floor.uasset" 774
"../../../Engine/Content/MapTemplates/SM_Template_Map_Floor.uexp" 775
"../../../Engine/Content/EngineMaterials/DefaultPhysicalMaterial.uasset" 776
"../../../Engine/Content/EngineMaterials/DefaultPhysicalMaterial.uexp" 777
"C:/Users/Pranav Sitaraman/Documents/Programming/NasaADC/Lunar_Base_Demo/Content/Materials/Rover_Base_Materials/Grey_Glass.uasset" 778
"C:/Users/Pranav Sitaraman/Documents/Programming/NasaADC/Lunar_Base_Demo/Content/Materials/Rover_Base_Materials/Grey_Glass.uexp" 779
"C:/Users/Pranav Sitaraman/Documents/Programming/NasaADC/Lunar_Base_Demo/Content/Materials/Rover_Base_Materials/Grey_Glass_Inst.uasset" 780
"C:/Users/Pranav Sitaraman/Documents/Programming/NasaADC/Lunar_Base_Demo/Content/Materials/Rover_Base_Materials/Grey_Glass_Inst.uexp" 781
"C:/Users/Pranav Sitaraman/Documents/Programming/NasaADC/Lunar_Base_Demo/Content/Actors/Glass_Dome.uasset" 782
"C:/Users/Pranav Sitaraman/Documents/Programming/NasaADC/Lunar_Base_Demo/Content/Actors/Glass_Dome.uexp" 783
"C:/Users/Pranav Sitaraman/Documents/Programming/NasaADC/Lunar_Base_Demo/Content/Moon_Base_Demo_BuiltData.ubulk" 784
"C:/Users/Pranav Sitaraman/Documents/Programming/NasaADC/Lunar_Base_Demo/Content/Moon_Base_Demo_BuiltData.uasset" 785
"C:/Users/Pranav Sitaraman/Documents/Programming/NasaADC/Lunar_Base_Demo/Content/Moon_Base_Demo_BuiltData.uexp" 786
"C:/Users/Pranav Sitaraman/Documents/Programming/NasaADC/Lunar_Base_Demo/Content/Actors/Antenna_Tower.uasset" 787
"C:/Users/Pranav Sitaraman/Documents/Programming/NasaADC/Lunar_Base_Demo/Content/Actors/Antenna_Tower.uexp" 788
"C:/Users/Pranav Sitaraman/Documents/Programming/NasaADC/Lunar_Base_Demo/Content/Actors/Habitation_Pod.uasset" 789
"C:/Users/Pranav Sitaraman/Documents/Programming/NasaADC/Lunar_Base_Demo/Content/Actors/Habitation_Pod.uexp" 790
"C:/Users/Pranav Sitaraman/Documents/Programming/NasaADC/Lunar_Base_Demo/Content/Materials/T_MacroVariation.uasset" 791
"C:/Users/Pranav Sitaraman/Documents/Programming/NasaADC/Lunar_Base_Demo/Content/Materials/T_MacroVariation.uexp" 792
"C:/Users/Pranav Sitaraman/Documents/Programming/NasaADC/Lunar_Base_Demo/Content/Materials/Landscape_M.uasset" 793
"C:/Users/Pranav Sitaraman/Documents/Programming/NasaADC/Lunar_Base_Demo/Content/Materials/Landscape_M.uexp" 794
"C:/Users/Pranav Sitaraman/Documents/Programming/NasaADC/Lunar_Base_Demo/Content/Materials/Landscape_M_Inst.uasset" 795
"C:/Users/Pranav Sitaraman/Documents/Programming/NasaADC/Lunar_Base_Demo/Content/Materials/Landscape_M_Inst.uexp" 796
"C:/Users/Pranav Sitaraman/Documents/Programming/NasaADC/Lunar_Base_Demo/Content/Actors/Light.uasset" 797
"C:/Users/Pranav Sitaraman/Documents/Programming/NasaADC/Lunar_Base_Demo/Content/Actors/Light.uexp" 798
"C:/Users/Pranav Sitaraman/Documents/Programming/NasaADC/Lunar_Base_Demo/Content/Actors/Checkpoint_MK2.uasset" 799
"C:/Users/Pranav Sitaraman/Documents/Programming/NasaADC/Lunar_Base_Demo/Content/Actors/Checkpoint_MK2.uexp" 800
"C:/Users/Pranav Sitaraman/Documents/Programming/NasaADC/Lunar_Base_Demo/Content/Actors/Landing_Pad.uasset" 801
"C:/Users/Pranav Sitaraman/Documents/Programming/NasaADC/Lunar_Base_Demo/Content/Actors/Landing_Pad.uexp" 802
"../../../Engine/Content/EngineSky/M_SimpleSkyDome.uasset" 803
"../../../Engine/Content/EngineSky/M_SimpleSkyDome.uexp" 804
"C:/Users/Pranav Sitaraman/Documents/Programming/NasaADC/Lunar_Base_Demo/Content/Actors/Lunar_Tunnel.uasset" 805
"C:/Users/Pranav Sitaraman/Documents/Programming/NasaADC/Lunar_Base_Demo/Content/Actors/Lunar_Tunnel.uexp" 806
"C:/Users/Pranav Sitaraman/Documents/Programming/NasaADC/Lunar_Base_Demo/Content/Materials/Rover_Base_Materials/Glass_Inst.uasset" 807
"C:/Users/Pranav Sitaraman/Documents/Programming/NasaADC/Lunar_Base_Demo/Content/Materials/Rover_Base_Materials/Glass_Inst.uexp" 808
"C:/Users/Pranav Sitaraman/Documents/Programming/NasaADC/Lunar_Base_Demo/Content/Actors/Lunar_Rover.uasset" 809
"C:/Users/Pranav Sitaraman/Documents/Programming/NasaADC/Lunar_Base_Demo/Content/Actors/Lunar_Rover.uexp" 810
"C:/Users/Pranav Sitaraman/Documents/Programming/NasaADC/Lunar_Base_Demo/Content/Moon_Base_Demo.uexp" 811
"C:/Users/Pranav Sitaraman/Documents/Programming/NasaADC/Lunar_Base_Demo/Content/Moon_Base_Demo.ubulk" 812
"C:/Users/Pranav Sitaraman/Documents/Programming/NasaADC/Lunar_Base_Demo/Content/Moon_Base_Demo.umap" 813
